
2020-11-20 18:27:45 INFO monitor.py starting up
2020-11-20 18:27:45 INFO 

	Copyright (c) 2016, 2017, 2018, 2019
	The Regents of the K0USY Group. All rights reserved.

	Python 3 port:
	2019 Steve Miller, KC1AWV <smiller@kc1awv.net>

	Version by:	 SP2ONG 2019-2020


2020-11-20 18:27:47 INFO ID ALIAS MAPPER: 'peer_ids.json' successfully downloaded
2020-11-20 18:27:54 INFO ID ALIAS MAPPER: 'subscriber_ids.json' successfully downloaded
2020-11-20 18:27:54 INFO ID ALIAS MAPPER: peer_ids dictionary is available
2020-11-20 18:27:56 INFO ID ALIAS MAPPER: subscriber_ids dictionary is available
2020-11-20 18:27:56 INFO ID ALIAS MAPPER: talkgroup_ids dictionary is available
2020-11-20 18:27:56 INFO ID ALIAS MAPPER: local_subscriber_ids added to subscriber_ids dictionary
2020-11-20 18:27:56 INFO ID ALIAS MAPPER: local_peer_ids added peer_ids dictionary
2020-11-20 18:27:59 INFO reportClient object for connecting to HBlink.py created at: <__main__.reportClientFactory object at 0x7f9042446430>
2020-11-20 18:27:59 INFO Initiating Connection to Server.
2020-11-20 18:27:59 INFO Connection failed. Reason: [Failure instance: Traceback (failure with no frames): <class 'twisted.internet.error.ConnectionRefusedError'>: Connection was refused by other side: 111: Connection refused.
]
2020-11-20 18:28:01 INFO Initiating Connection to Server.
2020-11-20 18:28:01 INFO Connection failed. Reason: [Failure instance: Traceback (failure with no frames): <class 'twisted.internet.error.ConnectionRefusedError'>: Connection was refused by other side: 111: Connection refused.
]
2020-11-20 18:28:08 INFO Initiating Connection to Server.
2020-11-20 18:28:08 INFO Connected.
2020-11-20 18:28:08 INFO Resetting reconnection delay
2020-11-20 18:28:18 INFO static website requested: <Request at 0x7f903ee22610 method=GET uri=/ clientproto=HTTP/1.1>
2020-11-20 18:28:18 INFO Client connecting: tcp4:127.0.0.1:54426
2020-11-20 18:28:18 INFO WebSocket connection open.
2020-11-20 18:28:18 INFO registered client tcp4:127.0.0.1:54426
2020-11-20 18:28:18 INFO static website requested: <Request at 0x7f903ee22c70 method=GET uri=/favicon.ico clientproto=HTTP/1.1>
2020-11-20 18:28:35 INFO BRIDGE EVENT: 'GROUP VOICE,START,RX,G7RZU,4124138578,2342690,2342690,2,23510'
2020-11-20 18:28:37 INFO BRIDGE EVENT: 'GROUP VOICE,END,RX,G7RZU,4124138578,2342690,2342690,2,23510,1.20'
2020-11-20 18:28:37 INFO BRIDGE EVENT: 'GROUP VOICE,END,TX,GB7BC,4124138578,2342690,2342690,2,23510,34.25'
2020-11-20 18:28:47 INFO WebSocket connection closed: None
2020-11-20 18:28:47 INFO unregistered client tcp4:127.0.0.1:54426
2020-11-20 18:28:47 INFO static website requested: <Request at 0x7f903ee221c0 method=GET uri=/ clientproto=HTTP/1.1>
2020-11-20 18:28:48 INFO Client connecting: tcp4:127.0.0.1:54428
2020-11-20 18:28:48 INFO WebSocket connection open.
2020-11-20 18:28:48 INFO registered client tcp4:127.0.0.1:54428
2020-11-20 18:28:53 INFO BRIDGE EVENT: 'GROUP VOICE,START,RX,G7RZU,1210229883,2342690,2342690,2,23510'
2020-11-20 18:28:53 INFO BRIDGE EVENT: 'GROUP VOICE,START,TX,GB7BC,1210229883,2342690,2342690,2,23510'
2020-11-20 18:28:53 INFO BRIDGE EVENT: 'GROUP VOICE,START,TX,GB7FR,1210229883,2342690,2342690,1,23510'
2020-11-20 18:28:53 INFO BRIDGE EVENT: 'GROUP VOICE,START,TX,MB6NG,1210229883,2342690,2342690,2,23510'
2020-11-20 18:28:54 INFO BRIDGE EVENT: 'GROUP VOICE,END,TX,GB7BC,1210229883,2342690,2342690,2,23510,0.85'
2020-11-20 18:28:54 INFO BRIDGE EVENT: 'GROUP VOICE,END,TX,GB7FR,1210229883,2342690,2342690,1,23510,0.85'
2020-11-20 18:28:54 INFO BRIDGE EVENT: 'GROUP VOICE,END,TX,MB6NG,1210229883,2342690,2342690,2,23510,0.85'
2020-11-20 18:28:54 INFO BRIDGE EVENT: 'GROUP VOICE,END,RX,G7RZU,1210229883,2342690,2342690,2,23510,0.85'
2020-11-20 18:28:54 INFO BRIDGE EVENT: 'GROUP VOICE,END,TX,GB7BC,1210229883,2342690,2342690,2,23510,0.86'
2020-11-20 18:28:54 INFO BRIDGE EVENT: 'GROUP VOICE,END,TX,GB7FR,1210229883,2342690,2342690,1,23510,0.86'
2020-11-20 18:28:54 INFO BRIDGE EVENT: 'GROUP VOICE,END,TX,MB6NG,1210229883,2342690,2342690,2,23510,0.86'
2020-11-20 18:29:12 INFO BRIDGE EVENT: 'GROUP VOICE,START,RX,G7RZU,1635760203,2342690,2342690,2,23510'
2020-11-20 18:29:13 INFO BRIDGE EVENT: 'GROUP VOICE,START,TX,GB7BC,1635760203,2342690,2342690,2,23510'
2020-11-20 18:29:13 INFO BRIDGE EVENT: 'GROUP VOICE,START,TX,GB7FR,1635760203,2342690,2342690,1,23510'
2020-11-20 18:29:13 INFO BRIDGE EVENT: 'GROUP VOICE,START,TX,MB6NG,1635760203,2342690,2342690,2,23510'
2020-11-20 18:29:15 INFO BRIDGE EVENT: 'GROUP VOICE,END,TX,GB7BC,1635760203,2342690,2342690,2,23510,2.99'
2020-11-20 18:29:15 INFO BRIDGE EVENT: 'GROUP VOICE,END,TX,GB7FR,1635760203,2342690,2342690,1,23510,2.99'
2020-11-20 18:29:15 INFO BRIDGE EVENT: 'GROUP VOICE,END,TX,MB6NG,1635760203,2342690,2342690,2,23510,2.99'
2020-11-20 18:29:16 INFO BRIDGE EVENT: 'GROUP VOICE,END,RX,G7RZU,1635760203,2342690,2342690,2,23510,2.99'
2020-11-20 18:29:16 INFO BRIDGE EVENT: 'GROUP VOICE,END,TX,GB7BC,1635760203,2342690,2342690,2,23510,2.99'
2020-11-20 18:29:16 INFO BRIDGE EVENT: 'GROUP VOICE,END,TX,GB7FR,1635760203,2342690,2342690,1,23510,2.99'
2020-11-20 18:29:16 INFO BRIDGE EVENT: 'GROUP VOICE,END,TX,MB6NG,1635760203,2342690,2342690,2,23510,2.99'
2020-11-20 18:29:50 INFO BRIDGE EVENT: 'GROUP VOICE,START,RX,G7RZU,2832798031,2342690,2342690,2,9'
2020-11-20 18:29:50 INFO BRIDGE EVENT: 'GROUP VOICE,START,TX,GB7BC,2832798031,2342690,2342690,2,23510'
2020-11-20 18:29:50 INFO BRIDGE EVENT: 'GROUP VOICE,START,TX,GB7FR,2832798031,2342690,2342690,1,23510'
2020-11-20 18:29:50 INFO BRIDGE EVENT: 'GROUP VOICE,START,TX,MB6NG,2832798031,2342690,2342690,2,23510'
2020-11-20 18:29:52 INFO BRIDGE EVENT: 'GROUP VOICE,END,TX,GB7BC,2832798031,2342690,2342690,2,23510,2.26'
2020-11-20 18:29:52 INFO BRIDGE EVENT: 'GROUP VOICE,END,TX,GB7FR,2832798031,2342690,2342690,1,23510,2.26'
2020-11-20 18:29:52 INFO BRIDGE EVENT: 'GROUP VOICE,END,TX,MB6NG,2832798031,2342690,2342690,2,23510,2.26'
2020-11-20 18:29:52 INFO BRIDGE EVENT: 'GROUP VOICE,END,RX,G7RZU,2832798031,2342690,2342690,2,9,2.26'
2020-11-20 18:29:52 INFO BRIDGE EVENT: 'GROUP VOICE,END,TX,GB7BC,2832798031,2342690,2342690,2,23510,2.26'
2020-11-20 18:29:52 INFO BRIDGE EVENT: 'GROUP VOICE,END,TX,GB7FR,2832798031,2342690,2342690,1,23510,2.26'
2020-11-20 18:29:52 INFO BRIDGE EVENT: 'GROUP VOICE,END,TX,MB6NG,2832798031,2342690,2342690,2,23510,2.26'
2020-11-20 18:29:55 INFO BRIDGE EVENT: 'GROUP VOICE,START,RX,G7RZU,2813486867,2342690,2342690,2,9'
2020-11-20 18:29:55 INFO BRIDGE EVENT: 'GROUP VOICE,START,TX,GB7BC,2813486867,2342690,2342690,2,23510'
2020-11-20 18:29:55 INFO BRIDGE EVENT: 'GROUP VOICE,START,TX,GB7FR,2813486867,2342690,2342690,1,23510'
2020-11-20 18:29:55 INFO BRIDGE EVENT: 'GROUP VOICE,START,TX,MB6NG,2813486867,2342690,2342690,2,23510'
2020-11-20 18:29:57 INFO BRIDGE EVENT: 'GROUP VOICE,END,TX,GB7BC,2813486867,2342690,2342690,2,23510,1.96'
2020-11-20 18:29:57 INFO BRIDGE EVENT: 'GROUP VOICE,END,TX,GB7FR,2813486867,2342690,2342690,1,23510,1.96'
2020-11-20 18:29:57 INFO BRIDGE EVENT: 'GROUP VOICE,END,TX,MB6NG,2813486867,2342690,2342690,2,23510,1.96'
2020-11-20 18:29:57 INFO BRIDGE EVENT: 'GROUP VOICE,END,RX,G7RZU,2813486867,2342690,2342690,2,9,1.96'
2020-11-20 18:29:57 INFO BRIDGE EVENT: 'GROUP VOICE,END,TX,GB7BC,2813486867,2342690,2342690,2,23510,1.97'
2020-11-20 18:29:57 INFO BRIDGE EVENT: 'GROUP VOICE,END,TX,GB7FR,2813486867,2342690,2342690,1,23510,1.97'
2020-11-20 18:29:57 INFO BRIDGE EVENT: 'GROUP VOICE,END,TX,MB6NG,2813486867,2342690,2342690,2,23510,1.97'
2020-11-20 18:30:01 INFO BRIDGE EVENT: 'GROUP VOICE,START,RX,G7RZU,3130725684,2342690,2342690,2,9'
2020-11-20 18:30:01 INFO BRIDGE EVENT: 'GROUP VOICE,START,TX,GB7BC,3130725684,2342690,2342690,2,23510'
2020-11-20 18:30:01 INFO BRIDGE EVENT: 'GROUP VOICE,START,TX,GB7FR,3130725684,2342690,2342690,1,23510'
2020-11-20 18:30:01 INFO BRIDGE EVENT: 'GROUP VOICE,START,TX,MB6NG,3130725684,2342690,2342690,2,23510'
2020-11-20 18:30:02 INFO BRIDGE EVENT: 'GROUP VOICE,END,TX,GB7BC,3130725684,2342690,2342690,2,23510,1.43'
2020-11-20 18:30:02 INFO BRIDGE EVENT: 'GROUP VOICE,END,TX,GB7FR,3130725684,2342690,2342690,1,23510,1.43'
2020-11-20 18:30:02 INFO BRIDGE EVENT: 'GROUP VOICE,END,TX,MB6NG,3130725684,2342690,2342690,2,23510,1.43'
2020-11-20 18:30:02 INFO BRIDGE EVENT: 'GROUP VOICE,END,RX,G7RZU,3130725684,2342690,2342690,2,9,1.43'
2020-11-20 18:30:03 INFO BRIDGE EVENT: 'GROUP VOICE,END,TX,GB7BC,3130725684,2342690,2342690,2,23510,1.43'
2020-11-20 18:30:03 INFO BRIDGE EVENT: 'GROUP VOICE,END,TX,GB7FR,3130725684,2342690,2342690,1,23510,1.43'
2020-11-20 18:30:03 INFO BRIDGE EVENT: 'GROUP VOICE,END,TX,MB6NG,3130725684,2342690,2342690,2,23510,1.43'
2020-11-20 18:30:54 INFO WebSocket connection closed: connection was closed uncleanly (peer dropped the TCP connection without previous WebSocket closing handshake)
2020-11-20 18:30:54 INFO unregistered client tcp4:127.0.0.1:54428
2020-11-20 18:30:54 INFO Lost connection.  Reason: [Failure instance: Traceback (failure with no frames): <class 'twisted.internet.error.ConnectionLost'>: Connection to the other side was lost in a non-clean fashion: Connection lost.
]
2020-11-20 18:31:00 INFO monitor.py starting up
2020-11-20 18:31:00 INFO 

	Copyright (c) 2016, 2017, 2018, 2019
	The Regents of the K0USY Group. All rights reserved.

	Python 3 port:
	2019 Steve Miller, KC1AWV <smiller@kc1awv.net>

	Version by:	 SP2ONG 2019-2020


2020-11-20 18:31:00 INFO ID ALIAS MAPPER: 'peer_ids.json' is current, not downloaded
2020-11-20 18:31:00 INFO ID ALIAS MAPPER: 'subscriber_ids.json' is current, not downloaded
2020-11-20 18:31:00 INFO ID ALIAS MAPPER: peer_ids dictionary is available
2020-11-20 18:31:02 INFO ID ALIAS MAPPER: subscriber_ids dictionary is available
2020-11-20 18:31:02 INFO ID ALIAS MAPPER: talkgroup_ids dictionary is available
2020-11-20 18:31:02 INFO ID ALIAS MAPPER: local_subscriber_ids added to subscriber_ids dictionary
2020-11-20 18:31:02 INFO ID ALIAS MAPPER: local_peer_ids added peer_ids dictionary
2020-11-20 18:31:03 INFO reportClient object for connecting to HBlink.py created at: <__main__.reportClientFactory object at 0x7f47fd5a9490>
2020-11-20 18:31:03 INFO Initiating Connection to Server.
2020-11-20 18:31:03 INFO Connected.
2020-11-20 18:31:03 INFO Resetting reconnection delay
2020-11-20 18:31:15 INFO static website requested: <Request at 0x7f47f6e80250 method=GET uri=/ clientproto=HTTP/1.1>
2020-11-20 18:31:15 INFO Client connecting: tcp4:127.0.0.1:54444
2020-11-20 18:31:15 INFO WebSocket connection open.
2020-11-20 18:31:15 INFO registered client tcp4:127.0.0.1:54444
2020-11-20 18:31:28 INFO BRIDGE EVENT: 'GROUP VOICE,START,RX,G7RZU,1274434129,2342690,2342690,2,9'
2020-11-20 18:31:28 INFO BRIDGE EVENT: 'GROUP VOICE,START,TX,GB7BC,1274434129,2342690,2342690,2,23510'
2020-11-20 18:31:28 INFO BRIDGE EVENT: 'GROUP VOICE,START,TX,GB7FR,1274434129,2342690,2342690,1,23510'
2020-11-20 18:31:28 INFO BRIDGE EVENT: 'GROUP VOICE,START,TX,MB6NG,1274434129,2342690,2342690,2,23510'
2020-11-20 18:31:29 INFO BRIDGE EVENT: 'GROUP VOICE,END,TX,GB7BC,1274434129,2342690,2342690,2,23510,0.84'
2020-11-20 18:31:29 INFO BRIDGE EVENT: 'GROUP VOICE,END,TX,GB7FR,1274434129,2342690,2342690,1,23510,0.84'
2020-11-20 18:31:29 INFO BRIDGE EVENT: 'GROUP VOICE,END,TX,MB6NG,1274434129,2342690,2342690,2,23510,0.84'
2020-11-20 18:31:29 INFO BRIDGE EVENT: 'GROUP VOICE,END,RX,G7RZU,1274434129,2342690,2342690,2,9,0.84'
2020-11-20 18:31:29 INFO BRIDGE EVENT: 'GROUP VOICE,END,TX,GB7BC,1274434129,2342690,2342690,2,23510,0.84'
2020-11-20 18:31:29 INFO BRIDGE EVENT: 'GROUP VOICE,END,TX,GB7FR,1274434129,2342690,2342690,1,23510,0.84'
2020-11-20 18:31:29 INFO BRIDGE EVENT: 'GROUP VOICE,END,TX,MB6NG,1274434129,2342690,2342690,2,23510,0.84'
2020-11-20 18:31:39 INFO BRIDGE EVENT: 'GROUP VOICE,START,RX,G7RZU,362888450,2342690,2342690,2,9'
2020-11-20 18:31:39 INFO BRIDGE EVENT: 'GROUP VOICE,START,TX,GB7BC,362888450,2342690,2342690,2,23510'
2020-11-20 18:31:39 INFO BRIDGE EVENT: 'GROUP VOICE,START,TX,GB7FR,362888450,2342690,2342690,1,23510'
2020-11-20 18:31:39 INFO BRIDGE EVENT: 'GROUP VOICE,START,TX,MB6NG,362888450,2342690,2342690,2,23510'
2020-11-20 18:31:40 INFO BRIDGE EVENT: 'GROUP VOICE,END,TX,GB7BC,362888450,2342690,2342690,2,23510,1.16'
2020-11-20 18:31:40 INFO BRIDGE EVENT: 'GROUP VOICE,END,TX,GB7FR,362888450,2342690,2342690,1,23510,1.16'
2020-11-20 18:31:40 INFO BRIDGE EVENT: 'GROUP VOICE,END,TX,MB6NG,362888450,2342690,2342690,2,23510,1.16'
2020-11-20 18:31:40 INFO BRIDGE EVENT: 'GROUP VOICE,END,RX,G7RZU,362888450,2342690,2342690,2,9,1.16'
2020-11-20 18:31:40 INFO BRIDGE EVENT: 'GROUP VOICE,END,TX,GB7BC,362888450,2342690,2342690,2,23510,1.17'
2020-11-20 18:31:40 INFO BRIDGE EVENT: 'GROUP VOICE,END,TX,GB7FR,362888450,2342690,2342690,1,23510,1.17'
2020-11-20 18:31:40 INFO BRIDGE EVENT: 'GROUP VOICE,END,TX,MB6NG,362888450,2342690,2342690,2,23510,1.17'
2020-11-20 18:32:04 INFO BRIDGE EVENT: 'GROUP VOICE,START,RX,G7RZU,3443745109,2342690,2342690,2,9'
2020-11-20 18:32:04 INFO BRIDGE EVENT: 'GROUP VOICE,START,TX,GB7BC,3443745109,2342690,2342690,2,23510'
2020-11-20 18:32:04 INFO BRIDGE EVENT: 'GROUP VOICE,START,TX,GB7FR,3443745109,2342690,2342690,1,23510'
2020-11-20 18:32:04 INFO BRIDGE EVENT: 'GROUP VOICE,START,TX,MB6NG,3443745109,2342690,2342690,2,23510'
2020-11-20 18:32:06 INFO BRIDGE EVENT: 'GROUP VOICE,END,TX,GB7BC,3443745109,2342690,2342690,2,23510,1.93'
2020-11-20 18:32:06 INFO BRIDGE EVENT: 'GROUP VOICE,END,TX,GB7FR,3443745109,2342690,2342690,1,23510,1.93'
2020-11-20 18:32:06 INFO BRIDGE EVENT: 'GROUP VOICE,END,TX,MB6NG,3443745109,2342690,2342690,2,23510,1.93'
2020-11-20 18:32:06 INFO BRIDGE EVENT: 'GROUP VOICE,END,RX,G7RZU,3443745109,2342690,2342690,2,9,1.93'
2020-11-20 18:32:06 INFO BRIDGE EVENT: 'GROUP VOICE,END,TX,GB7BC,3443745109,2342690,2342690,2,23510,1.93'
2020-11-20 18:32:06 INFO BRIDGE EVENT: 'GROUP VOICE,END,TX,GB7FR,3443745109,2342690,2342690,1,23510,1.93'
2020-11-20 18:32:06 INFO BRIDGE EVENT: 'GROUP VOICE,END,TX,MB6NG,3443745109,2342690,2342690,2,23510,1.93'
2020-11-20 18:32:59 INFO WebSocket connection closed: connection was closed uncleanly (peer dropped the TCP connection without previous WebSocket closing handshake)
2020-11-20 18:32:59 INFO unregistered client tcp4:127.0.0.1:54444
2020-11-20 18:32:59 INFO Lost connection.  Reason: [Failure instance: Traceback (failure with no frames): <class 'twisted.internet.error.ConnectionLost'>: Connection to the other side was lost in a non-clean fashion: Connection lost.
]
2020-11-20 18:33:01 INFO monitor.py starting up
2020-11-20 18:33:01 INFO 

	Copyright (c) 2016, 2017, 2018, 2019
	The Regents of the K0USY Group. All rights reserved.

	Python 3 port:
	2019 Steve Miller, KC1AWV <smiller@kc1awv.net>

	Version by:	 SP2ONG 2019-2020


2020-11-20 18:33:01 INFO ID ALIAS MAPPER: 'peer_ids.json' is current, not downloaded
2020-11-20 18:33:01 INFO ID ALIAS MAPPER: 'subscriber_ids.json' is current, not downloaded
2020-11-20 18:33:01 INFO ID ALIAS MAPPER: peer_ids dictionary is available
2020-11-20 18:33:03 INFO ID ALIAS MAPPER: subscriber_ids dictionary is available
2020-11-20 18:33:03 INFO ID ALIAS MAPPER: talkgroup_ids dictionary is available
2020-11-20 18:33:03 INFO ID ALIAS MAPPER: local_subscriber_ids added to subscriber_ids dictionary
2020-11-20 18:33:03 INFO ID ALIAS MAPPER: local_peer_ids added peer_ids dictionary
2020-11-20 18:33:03 INFO reportClient object for connecting to HBlink.py created at: <__main__.reportClientFactory object at 0x7ff16944a190>
2020-11-20 18:33:03 INFO Initiating Connection to Server.
2020-11-20 18:33:03 INFO Connected.
2020-11-20 18:33:03 INFO Resetting reconnection delay
2020-11-20 18:33:09 INFO BRIDGE EVENT: 'GROUP VOICE,START,RX,G7RZU,4272870912,2342690,2342690,2,9'
2020-11-20 18:33:09 INFO BRIDGE EVENT: 'GROUP VOICE,START,TX,GB7BC,4272870912,2342690,2342690,2,23510'
2020-11-20 18:33:09 INFO BRIDGE EVENT: 'GROUP VOICE,START,TX,GB7FR,4272870912,2342690,2342690,1,23510'
2020-11-20 18:33:09 INFO BRIDGE EVENT: 'GROUP VOICE,START,TX,MB6NG,4272870912,2342690,2342690,2,23510'
2020-11-20 18:33:09 INFO BRIDGE EVENT: 'GROUP VOICE,END,TX,GB7BC,4272870912,2342690,2342690,2,23510,0.90'
2020-11-20 18:33:09 INFO BRIDGE EVENT: 'GROUP VOICE,END,TX,GB7FR,4272870912,2342690,2342690,1,23510,0.90'
2020-11-20 18:33:09 INFO BRIDGE EVENT: 'GROUP VOICE,END,TX,MB6NG,4272870912,2342690,2342690,2,23510,0.90'
2020-11-20 18:33:09 INFO BRIDGE EVENT: 'GROUP VOICE,END,RX,G7RZU,4272870912,2342690,2342690,2,9,0.90'
2020-11-20 18:33:09 INFO BRIDGE EVENT: 'GROUP VOICE,END,TX,GB7BC,4272870912,2342690,2342690,2,23510,0.90'
2020-11-20 18:33:09 INFO BRIDGE EVENT: 'GROUP VOICE,END,TX,GB7FR,4272870912,2342690,2342690,1,23510,0.90'
2020-11-20 18:33:09 INFO BRIDGE EVENT: 'GROUP VOICE,END,TX,MB6NG,4272870912,2342690,2342690,2,23510,0.90'
2020-11-20 18:33:14 INFO static website requested: <Request at 0x7ff1687a66a0 method=GET uri=/ clientproto=HTTP/1.1>
2020-11-20 18:33:14 INFO Client connecting: tcp4:127.0.0.1:54454
2020-11-20 18:33:14 INFO WebSocket connection open.
2020-11-20 18:33:14 INFO registered client tcp4:127.0.0.1:54454
2020-11-20 18:33:49 INFO BRIDGE EVENT: 'GROUP VOICE,START,RX,G7RZU,2387658274,2342690,2342690,2,9'
2020-11-20 18:33:49 INFO BRIDGE EVENT: 'GROUP VOICE,START,TX,GB7BC,2387658274,2342690,2342690,2,23510'
2020-11-20 18:33:49 INFO BRIDGE EVENT: 'GROUP VOICE,START,TX,GB7FR,2387658274,2342690,2342690,1,23510'
2020-11-20 18:33:49 INFO BRIDGE EVENT: 'GROUP VOICE,START,TX,MB6NG,2387658274,2342690,2342690,2,23510'
2020-11-20 18:33:49 INFO BRIDGE EVENT: 'GROUP VOICE,END,TX,GB7BC,2387658274,2342690,2342690,2,23510,0.46'
2020-11-20 18:33:49 INFO BRIDGE EVENT: 'GROUP VOICE,END,TX,GB7FR,2387658274,2342690,2342690,1,23510,0.46'
2020-11-20 18:33:49 INFO BRIDGE EVENT: 'GROUP VOICE,END,TX,MB6NG,2387658274,2342690,2342690,2,23510,0.46'
2020-11-20 18:33:49 INFO BRIDGE EVENT: 'GROUP VOICE,END,RX,G7RZU,2387658274,2342690,2342690,2,9,0.46'
2020-11-20 18:33:49 INFO BRIDGE EVENT: 'GROUP VOICE,END,TX,GB7BC,2387658274,2342690,2342690,2,23510,0.47'
2020-11-20 18:33:49 INFO BRIDGE EVENT: 'GROUP VOICE,END,TX,GB7FR,2387658274,2342690,2342690,1,23510,0.47'
2020-11-20 18:33:49 INFO BRIDGE EVENT: 'GROUP VOICE,END,TX,MB6NG,2387658274,2342690,2342690,2,23510,0.47'
2020-11-20 18:34:06 INFO BRIDGE EVENT: 'GROUP VOICE,START,RX,G7RZU,2359574798,2342690,2342690,2,9'
2020-11-20 18:34:06 INFO BRIDGE EVENT: 'GROUP VOICE,START,TX,GB7BC,2359574798,2342690,2342690,2,23510'
2020-11-20 18:34:06 INFO BRIDGE EVENT: 'GROUP VOICE,START,TX,GB7FR,2359574798,2342690,2342690,1,23510'
2020-11-20 18:34:06 INFO BRIDGE EVENT: 'GROUP VOICE,START,TX,MB6NG,2359574798,2342690,2342690,2,23510'
2020-11-20 18:34:09 INFO BRIDGE EVENT: 'GROUP VOICE,END,TX,GB7BC,2359574798,2342690,2342690,2,23510,2.67'
2020-11-20 18:34:09 INFO BRIDGE EVENT: 'GROUP VOICE,END,TX,GB7FR,2359574798,2342690,2342690,1,23510,2.67'
2020-11-20 18:34:09 INFO BRIDGE EVENT: 'GROUP VOICE,END,TX,MB6NG,2359574798,2342690,2342690,2,23510,2.67'
2020-11-20 18:34:09 INFO BRIDGE EVENT: 'GROUP VOICE,END,RX,G7RZU,2359574798,2342690,2342690,2,9,2.67'
2020-11-20 18:34:09 INFO BRIDGE EVENT: 'GROUP VOICE,END,TX,GB7BC,2359574798,2342690,2342690,2,23510,2.67'
2020-11-20 18:34:09 INFO BRIDGE EVENT: 'GROUP VOICE,END,TX,GB7FR,2359574798,2342690,2342690,1,23510,2.67'
2020-11-20 18:34:09 INFO BRIDGE EVENT: 'GROUP VOICE,END,TX,MB6NG,2359574798,2342690,2342690,2,23510,2.67'
2020-11-20 18:34:25 INFO BRIDGE EVENT: 'GROUP VOICE,START,RX,G7RZU,3233002037,2342690,2342690,2,9'
2020-11-20 18:34:25 INFO BRIDGE EVENT: 'GROUP VOICE,START,TX,GB7BC,3233002037,2342690,2342690,2,23510'
2020-11-20 18:34:25 INFO BRIDGE EVENT: 'GROUP VOICE,START,TX,GB7FR,3233002037,2342690,2342690,1,23510'
2020-11-20 18:34:25 INFO BRIDGE EVENT: 'GROUP VOICE,START,TX,MB6NG,3233002037,2342690,2342690,2,23510'
2020-11-20 18:34:25 INFO BRIDGE EVENT: 'GROUP VOICE,END,TX,GB7BC,3233002037,2342690,2342690,2,23510,0.90'
2020-11-20 18:34:25 INFO BRIDGE EVENT: 'GROUP VOICE,END,TX,GB7FR,3233002037,2342690,2342690,1,23510,0.90'
2020-11-20 18:34:25 INFO BRIDGE EVENT: 'GROUP VOICE,END,TX,MB6NG,3233002037,2342690,2342690,2,23510,0.90'
2020-11-20 18:34:26 INFO BRIDGE EVENT: 'GROUP VOICE,END,RX,G7RZU,3233002037,2342690,2342690,2,9,0.90'
2020-11-20 18:34:26 INFO BRIDGE EVENT: 'GROUP VOICE,END,TX,GB7BC,3233002037,2342690,2342690,2,23510,0.91'
2020-11-20 18:34:26 INFO BRIDGE EVENT: 'GROUP VOICE,END,TX,GB7FR,3233002037,2342690,2342690,1,23510,0.91'
2020-11-20 18:34:26 INFO BRIDGE EVENT: 'GROUP VOICE,END,TX,MB6NG,3233002037,2342690,2342690,2,23510,0.91'
2020-11-20 18:35:44 INFO WebSocket connection closed: connection was closed uncleanly (peer dropped the TCP connection without previous WebSocket closing handshake)
2020-11-20 18:35:44 INFO unregistered client tcp4:127.0.0.1:54454
2020-11-20 18:35:44 INFO Lost connection.  Reason: [Failure instance: Traceback (failure with no frames): <class 'twisted.internet.error.ConnectionLost'>: Connection to the other side was lost in a non-clean fashion: Connection lost.
]
2020-11-20 18:35:46 INFO monitor.py starting up
2020-11-20 18:35:46 INFO 

	Copyright (c) 2016, 2017, 2018, 2019
	The Regents of the K0USY Group. All rights reserved.

	Python 3 port:
	2019 Steve Miller, KC1AWV <smiller@kc1awv.net>

	Version by:	 SP2ONG 2019-2020


2020-11-20 18:35:46 INFO ID ALIAS MAPPER: 'peer_ids.json' is current, not downloaded
2020-11-20 18:35:46 INFO ID ALIAS MAPPER: 'subscriber_ids.json' is current, not downloaded
2020-11-20 18:35:46 INFO ID ALIAS MAPPER: peer_ids dictionary is available
2020-11-20 18:35:48 INFO ID ALIAS MAPPER: subscriber_ids dictionary is available
2020-11-20 18:35:48 INFO ID ALIAS MAPPER: talkgroup_ids dictionary is available
2020-11-20 18:35:48 INFO ID ALIAS MAPPER: local_subscriber_ids added to subscriber_ids dictionary
2020-11-20 18:35:48 INFO ID ALIAS MAPPER: local_peer_ids added peer_ids dictionary
2020-11-20 18:35:49 INFO reportClient object for connecting to HBlink.py created at: <__main__.reportClientFactory object at 0x7f9cbdb06370>
2020-11-20 18:35:49 INFO Initiating Connection to Server.
2020-11-20 18:35:49 INFO Connected.
2020-11-20 18:35:49 INFO Resetting reconnection delay
2020-11-20 18:36:11 INFO static website requested: <Request at 0x7f9cba8b2d00 method=GET uri=/ clientproto=HTTP/1.1>
2020-11-20 18:36:12 INFO Client connecting: tcp4:127.0.0.1:54468
2020-11-20 18:36:12 INFO WebSocket connection open.
2020-11-20 18:36:12 INFO registered client tcp4:127.0.0.1:54468
2020-11-20 18:36:14 INFO WebSocket connection closed: None
2020-11-20 18:36:14 INFO unregistered client tcp4:127.0.0.1:54468
2020-11-20 18:36:14 INFO static website requested: <Request at 0x7f9cb755d430 method=GET uri=/ clientproto=HTTP/1.1>
2020-11-20 18:36:14 INFO Client connecting: tcp4:127.0.0.1:54470
2020-11-20 18:36:14 INFO WebSocket connection open.
2020-11-20 18:36:14 INFO registered client tcp4:127.0.0.1:54470
2020-11-20 18:36:16 INFO BRIDGE EVENT: 'GROUP VOICE,START,RX,G7RZU,165844598,2342690,2342690,2,9'
2020-11-20 18:36:16 INFO BRIDGE EVENT: 'GROUP VOICE,START,TX,GB7BC,165844598,2342690,2342690,2,23510'
2020-11-20 18:36:16 INFO BRIDGE EVENT: 'GROUP VOICE,START,TX,GB7FR,165844598,2342690,2342690,1,23510'
2020-11-20 18:36:16 INFO BRIDGE EVENT: 'GROUP VOICE,START,TX,MB6NG,165844598,2342690,2342690,2,23510'
2020-11-20 18:36:20 INFO BRIDGE EVENT: 'GROUP VOICE,END,TX,GB7BC,165844598,2342690,2342690,2,23510,3.40'
2020-11-20 18:36:20 INFO BRIDGE EVENT: 'GROUP VOICE,END,TX,GB7FR,165844598,2342690,2342690,1,23510,3.40'
2020-11-20 18:36:20 INFO BRIDGE EVENT: 'GROUP VOICE,END,TX,MB6NG,165844598,2342690,2342690,2,23510,3.40'
2020-11-20 18:36:20 INFO BRIDGE EVENT: 'GROUP VOICE,END,RX,G7RZU,165844598,2342690,2342690,2,9,3.40'
2020-11-20 18:36:20 INFO BRIDGE EVENT: 'GROUP VOICE,END,TX,GB7BC,165844598,2342690,2342690,2,23510,3.41'
2020-11-20 18:36:20 INFO BRIDGE EVENT: 'GROUP VOICE,END,TX,GB7FR,165844598,2342690,2342690,1,23510,3.41'
2020-11-20 18:36:20 INFO BRIDGE EVENT: 'GROUP VOICE,END,TX,MB6NG,165844598,2342690,2342690,2,23510,3.41'
2020-11-20 18:36:21 INFO BRIDGE EVENT: 'GROUP VOICE,START,RX,G7RZU,3119819376,2342690,2342690,2,9'
2020-11-20 18:36:21 INFO BRIDGE EVENT: 'GROUP VOICE,START,TX,GB7BC,3119819376,2342690,2342690,2,23510'
2020-11-20 18:36:21 INFO BRIDGE EVENT: 'GROUP VOICE,START,TX,GB7FR,3119819376,2342690,2342690,1,23510'
2020-11-20 18:36:21 INFO BRIDGE EVENT: 'GROUP VOICE,START,TX,MB6NG,3119819376,2342690,2342690,2,23510'
2020-11-20 18:36:22 INFO BRIDGE EVENT: 'GROUP VOICE,END,TX,GB7BC,3119819376,2342690,2342690,2,23510,1.15'
2020-11-20 18:36:22 INFO BRIDGE EVENT: 'GROUP VOICE,END,TX,GB7FR,3119819376,2342690,2342690,1,23510,1.15'
2020-11-20 18:36:22 INFO BRIDGE EVENT: 'GROUP VOICE,END,TX,MB6NG,3119819376,2342690,2342690,2,23510,1.15'
2020-11-20 18:36:22 INFO BRIDGE EVENT: 'GROUP VOICE,END,RX,G7RZU,3119819376,2342690,2342690,2,9,1.15'
2020-11-20 18:36:22 INFO BRIDGE EVENT: 'GROUP VOICE,END,TX,GB7BC,3119819376,2342690,2342690,2,23510,1.15'
2020-11-20 18:36:22 INFO BRIDGE EVENT: 'GROUP VOICE,END,TX,GB7FR,3119819376,2342690,2342690,1,23510,1.15'
2020-11-20 18:36:22 INFO BRIDGE EVENT: 'GROUP VOICE,END,TX,MB6NG,3119819376,2342690,2342690,2,23510,1.15'
2020-11-20 18:36:23 INFO BRIDGE EVENT: 'GROUP VOICE,START,RX,G7RZU,860669996,2342690,2342690,2,9'
2020-11-20 18:36:23 INFO BRIDGE EVENT: 'GROUP VOICE,START,TX,GB7BC,860669996,2342690,2342690,2,23510'
2020-11-20 18:36:23 INFO BRIDGE EVENT: 'GROUP VOICE,START,TX,GB7FR,860669996,2342690,2342690,1,23510'
2020-11-20 18:36:23 INFO BRIDGE EVENT: 'GROUP VOICE,START,TX,MB6NG,860669996,2342690,2342690,2,23510'
2020-11-20 18:36:24 INFO BRIDGE EVENT: 'GROUP VOICE,END,TX,GB7BC,860669996,2342690,2342690,2,23510,0.51'
2020-11-20 18:36:24 INFO BRIDGE EVENT: 'GROUP VOICE,END,TX,GB7FR,860669996,2342690,2342690,1,23510,0.51'
2020-11-20 18:36:24 INFO BRIDGE EVENT: 'GROUP VOICE,END,TX,MB6NG,860669996,2342690,2342690,2,23510,0.51'
2020-11-20 18:36:24 INFO BRIDGE EVENT: 'GROUP VOICE,END,RX,G7RZU,860669996,2342690,2342690,2,9,0.51'
2020-11-20 18:36:24 INFO BRIDGE EVENT: 'GROUP VOICE,END,TX,GB7BC,860669996,2342690,2342690,2,23510,0.51'
2020-11-20 18:36:24 INFO BRIDGE EVENT: 'GROUP VOICE,END,TX,GB7FR,860669996,2342690,2342690,1,23510,0.51'
2020-11-20 18:36:24 INFO BRIDGE EVENT: 'GROUP VOICE,END,TX,MB6NG,860669996,2342690,2342690,2,23510,0.51'
2020-11-20 18:37:10 INFO WebSocket connection closed: connection was closed uncleanly (peer dropped the TCP connection without previous WebSocket closing handshake)
2020-11-20 18:37:10 INFO unregistered client tcp4:127.0.0.1:54470
2020-11-20 18:37:10 INFO Lost connection.  Reason: [Failure instance: Traceback (failure with no frames): <class 'twisted.internet.error.ConnectionLost'>: Connection to the other side was lost in a non-clean fashion: Connection lost.
]
2020-11-20 18:37:12 INFO monitor.py starting up
2020-11-20 18:37:12 INFO 

	Copyright (c) 2016, 2017, 2018, 2019
	The Regents of the K0USY Group. All rights reserved.

	Python 3 port:
	2019 Steve Miller, KC1AWV <smiller@kc1awv.net>

	Version by:	 SP2ONG 2019-2020


2020-11-20 18:37:12 INFO ID ALIAS MAPPER: 'peer_ids.json' is current, not downloaded
2020-11-20 18:37:12 INFO ID ALIAS MAPPER: 'subscriber_ids.json' is current, not downloaded
2020-11-20 18:37:12 INFO ID ALIAS MAPPER: peer_ids dictionary is available
2020-11-20 18:37:14 INFO ID ALIAS MAPPER: subscriber_ids dictionary is available
2020-11-20 18:37:14 INFO ID ALIAS MAPPER: talkgroup_ids dictionary is available
2020-11-20 18:37:14 INFO ID ALIAS MAPPER: local_subscriber_ids added to subscriber_ids dictionary
2020-11-20 18:37:14 INFO ID ALIAS MAPPER: local_peer_ids added peer_ids dictionary
2020-11-20 18:37:14 INFO reportClient object for connecting to HBlink.py created at: <__main__.reportClientFactory object at 0x7fb9487ac5b0>
2020-11-20 18:37:14 INFO Initiating Connection to Server.
2020-11-20 18:37:14 INFO Connected.
2020-11-20 18:37:14 INFO Resetting reconnection delay
2020-11-20 18:37:14 INFO static website requested: <Request at 0x7fb947b406d0 method=GET uri=/ clientproto=HTTP/1.1>
2020-11-20 18:37:15 INFO Client connecting: tcp4:127.0.0.1:54478
2020-11-20 18:37:15 INFO WebSocket connection open.
2020-11-20 18:37:15 INFO registered client tcp4:127.0.0.1:54478
2020-11-20 18:37:19 INFO WebSocket connection closed: None
2020-11-20 18:37:19 INFO unregistered client tcp4:127.0.0.1:54478
2020-11-20 18:37:19 INFO static website requested: <Request at 0x7fb94857d370 method=GET uri=/ clientproto=HTTP/1.1>
2020-11-20 18:37:19 INFO Client connecting: tcp4:127.0.0.1:54480
2020-11-20 18:37:19 INFO WebSocket connection open.
2020-11-20 18:37:19 INFO registered client tcp4:127.0.0.1:54480
2020-11-20 18:37:22 INFO WebSocket connection closed: None
2020-11-20 18:37:22 INFO unregistered client tcp4:127.0.0.1:54480
2020-11-20 18:37:22 INFO static website requested: <Request at 0x7fb94857d610 method=GET uri=/ clientproto=HTTP/1.1>
2020-11-20 18:37:23 INFO Client connecting: tcp4:127.0.0.1:54482
2020-11-20 18:37:23 INFO WebSocket connection open.
2020-11-20 18:37:23 INFO registered client tcp4:127.0.0.1:54482
2020-11-20 18:37:23 INFO WebSocket connection closed: None
2020-11-20 18:37:23 INFO unregistered client tcp4:127.0.0.1:54482
2020-11-20 18:37:23 INFO static website requested: <Request at 0x7fb94857d610 method=GET uri=/ clientproto=HTTP/1.1>
2020-11-20 18:37:24 INFO Client connecting: tcp4:127.0.0.1:54484
2020-11-20 18:37:24 INFO WebSocket connection open.
2020-11-20 18:37:24 INFO registered client tcp4:127.0.0.1:54484
2020-11-20 18:37:24 INFO WebSocket connection closed: None
2020-11-20 18:37:24 INFO unregistered client tcp4:127.0.0.1:54484
2020-11-20 18:37:25 INFO static website requested: <Request at 0x7fb948a82b80 method=GET uri=/ clientproto=HTTP/1.1>
2020-11-20 18:37:25 INFO Client connecting: tcp4:127.0.0.1:54486
2020-11-20 18:37:25 INFO WebSocket connection open.
2020-11-20 18:37:25 INFO registered client tcp4:127.0.0.1:54486
2020-11-20 18:37:25 INFO WebSocket connection closed: None
2020-11-20 18:37:25 INFO unregistered client tcp4:127.0.0.1:54486
2020-11-20 18:37:26 INFO static website requested: <Request at 0x7fb948a82880 method=GET uri=/ clientproto=HTTP/1.1>
2020-11-20 18:37:26 INFO Client connecting: tcp4:127.0.0.1:54488
2020-11-20 18:37:26 INFO WebSocket connection open.
2020-11-20 18:37:26 INFO registered client tcp4:127.0.0.1:54488
2020-11-20 18:37:26 INFO WebSocket connection closed: None
2020-11-20 18:37:26 INFO unregistered client tcp4:127.0.0.1:54488
2020-11-20 18:37:27 INFO static website requested: <Request at 0x7fb94224c7c0 method=GET uri=/ clientproto=HTTP/1.1>
2020-11-20 18:37:27 INFO Client connecting: tcp4:127.0.0.1:54490
2020-11-20 18:37:27 INFO WebSocket connection open.
2020-11-20 18:37:27 INFO registered client tcp4:127.0.0.1:54490
2020-11-20 18:37:27 INFO WebSocket connection closed: None
2020-11-20 18:37:27 INFO unregistered client tcp4:127.0.0.1:54490
2020-11-20 18:37:28 INFO static website requested: <Request at 0x7fb94224ccd0 method=GET uri=/ clientproto=HTTP/1.1>
2020-11-20 18:37:28 INFO Client connecting: tcp4:127.0.0.1:54492
2020-11-20 18:37:28 INFO WebSocket connection open.
2020-11-20 18:37:28 INFO registered client tcp4:127.0.0.1:54492
2020-11-20 18:37:28 INFO WebSocket connection closed: None
2020-11-20 18:37:28 INFO unregistered client tcp4:127.0.0.1:54492
2020-11-20 18:37:29 INFO static website requested: <Request at 0x7fb94224c3d0 method=GET uri=/ clientproto=HTTP/1.1>
2020-11-20 18:37:29 INFO Client connecting: tcp4:127.0.0.1:54494
2020-11-20 18:37:29 INFO WebSocket connection open.
2020-11-20 18:37:29 INFO registered client tcp4:127.0.0.1:54494
2020-11-20 18:37:30 INFO WebSocket connection closed: None
2020-11-20 18:37:30 INFO unregistered client tcp4:127.0.0.1:54494
2020-11-20 18:37:30 INFO static website requested: <Request at 0x7fb94224c280 method=GET uri=/ clientproto=HTTP/1.1>
2020-11-20 18:37:30 INFO Client connecting: tcp4:127.0.0.1:54496
2020-11-20 18:37:30 INFO WebSocket connection open.
2020-11-20 18:37:30 INFO registered client tcp4:127.0.0.1:54496
2020-11-20 18:37:31 INFO WebSocket connection closed: None
2020-11-20 18:37:31 INFO unregistered client tcp4:127.0.0.1:54496
2020-11-20 18:37:31 INFO static website requested: <Request at 0x7fb94224c760 method=GET uri=/ clientproto=HTTP/1.1>
2020-11-20 18:37:31 INFO Client connecting: tcp4:127.0.0.1:54498
2020-11-20 18:37:31 INFO WebSocket connection open.
2020-11-20 18:37:31 INFO registered client tcp4:127.0.0.1:54498
2020-11-20 18:37:31 INFO WebSocket connection closed: None
2020-11-20 18:37:31 INFO unregistered client tcp4:127.0.0.1:54498
2020-11-20 18:37:32 INFO static website requested: <Request at 0x7fb94224c280 method=GET uri=/ clientproto=HTTP/1.1>
2020-11-20 18:37:32 INFO Client connecting: tcp4:127.0.0.1:54500
2020-11-20 18:37:32 INFO WebSocket connection open.
2020-11-20 18:37:32 INFO registered client tcp4:127.0.0.1:54500
2020-11-20 18:37:32 INFO WebSocket connection closed: None
2020-11-20 18:37:32 INFO unregistered client tcp4:127.0.0.1:54500
2020-11-20 18:37:33 INFO static website requested: <Request at 0x7fb94224cd90 method=GET uri=/ clientproto=HTTP/1.1>
2020-11-20 18:37:33 INFO Client connecting: tcp4:127.0.0.1:54502
2020-11-20 18:37:33 INFO WebSocket connection open.
2020-11-20 18:37:33 INFO registered client tcp4:127.0.0.1:54502
2020-11-20 18:37:33 INFO WebSocket connection closed: None
2020-11-20 18:37:33 INFO unregistered client tcp4:127.0.0.1:54502
2020-11-20 18:37:34 INFO static website requested: <Request at 0x7fb94224c760 method=GET uri=/ clientproto=HTTP/1.1>
2020-11-20 18:37:34 INFO Client connecting: tcp4:127.0.0.1:54504
2020-11-20 18:37:34 INFO WebSocket connection open.
2020-11-20 18:37:34 INFO registered client tcp4:127.0.0.1:54504
2020-11-20 18:37:34 INFO WebSocket connection closed: None
2020-11-20 18:37:34 INFO unregistered client tcp4:127.0.0.1:54504
2020-11-20 18:37:35 INFO static website requested: <Request at 0x7fb94224cd90 method=GET uri=/ clientproto=HTTP/1.1>
2020-11-20 18:37:35 INFO Client connecting: tcp4:127.0.0.1:54506
2020-11-20 18:37:35 INFO WebSocket connection open.
2020-11-20 18:37:35 INFO registered client tcp4:127.0.0.1:54506
2020-11-20 18:37:39 INFO WebSocket connection closed: None
2020-11-20 18:37:39 INFO unregistered client tcp4:127.0.0.1:54506
2020-11-20 18:37:40 INFO static website requested: <Request at 0x7fb94224cd90 method=GET uri=/ clientproto=HTTP/1.1>
2020-11-20 18:37:40 INFO Client connecting: tcp4:127.0.0.1:54508
2020-11-20 18:37:40 INFO WebSocket connection open.
2020-11-20 18:37:40 INFO registered client tcp4:127.0.0.1:54508
2020-11-20 18:37:44 INFO WebSocket connection closed: None
2020-11-20 18:37:44 INFO unregistered client tcp4:127.0.0.1:54508
2020-11-20 18:37:45 INFO static website requested: <Request at 0x7fb94224ca30 method=GET uri=/ clientproto=HTTP/1.1>
2020-11-20 18:37:45 INFO Client connecting: tcp4:127.0.0.1:54510
2020-11-20 18:37:45 INFO WebSocket connection open.
2020-11-20 18:37:45 INFO registered client tcp4:127.0.0.1:54510
2020-11-20 18:37:47 INFO WebSocket connection closed: None
2020-11-20 18:37:47 INFO unregistered client tcp4:127.0.0.1:54510
2020-11-20 18:37:48 INFO static website requested: <Request at 0x7fb94224ca30 method=GET uri=/ clientproto=HTTP/1.1>
2020-11-20 18:37:48 INFO Client connecting: tcp4:127.0.0.1:54512
2020-11-20 18:37:48 INFO WebSocket connection open.
2020-11-20 18:37:48 INFO registered client tcp4:127.0.0.1:54512
2020-11-20 18:37:51 INFO WebSocket connection closed: None
2020-11-20 18:37:51 INFO unregistered client tcp4:127.0.0.1:54512
2020-11-20 18:37:51 INFO static website requested: <Request at 0x7fb94857d610 method=GET uri=/ clientproto=HTTP/1.1>
2020-11-20 18:37:51 INFO Client connecting: tcp4:127.0.0.1:54514
2020-11-20 18:37:51 INFO WebSocket connection open.
2020-11-20 18:37:51 INFO registered client tcp4:127.0.0.1:54514
2020-11-20 18:37:52 INFO WebSocket connection closed: None
2020-11-20 18:37:52 INFO unregistered client tcp4:127.0.0.1:54514
2020-11-20 18:37:52 INFO static website requested: <Request at 0x7fb9457939a0 method=GET uri=/ clientproto=HTTP/1.1>
2020-11-20 18:37:52 INFO Client connecting: tcp4:127.0.0.1:54516
2020-11-20 18:37:52 INFO WebSocket connection open.
2020-11-20 18:37:52 INFO registered client tcp4:127.0.0.1:54516
2020-11-20 18:37:53 INFO WebSocket connection closed: None
2020-11-20 18:37:53 INFO unregistered client tcp4:127.0.0.1:54516
2020-11-20 18:37:54 INFO static website requested: <Request at 0x7fb945793bb0 method=GET uri=/ clientproto=HTTP/1.1>
2020-11-20 18:37:54 INFO Client connecting: tcp4:127.0.0.1:54518
2020-11-20 18:37:54 INFO WebSocket connection open.
2020-11-20 18:37:54 INFO registered client tcp4:127.0.0.1:54518
2020-11-20 18:37:54 INFO WebSocket connection closed: None
2020-11-20 18:37:54 INFO unregistered client tcp4:127.0.0.1:54518
2020-11-20 18:37:55 INFO static website requested: <Request at 0x7fb945793a90 method=GET uri=/ clientproto=HTTP/1.1>
2020-11-20 18:37:55 INFO Client connecting: tcp4:127.0.0.1:54520
2020-11-20 18:37:55 INFO WebSocket connection open.
2020-11-20 18:37:55 INFO registered client tcp4:127.0.0.1:54520
2020-11-20 18:37:55 INFO WebSocket connection closed: None
2020-11-20 18:37:55 INFO unregistered client tcp4:127.0.0.1:54520
2020-11-20 18:37:56 INFO static website requested: <Request at 0x7fb9487c4b50 method=GET uri=/ clientproto=HTTP/1.1>
2020-11-20 18:37:56 INFO Client connecting: tcp4:127.0.0.1:54522
2020-11-20 18:37:56 INFO WebSocket connection open.
2020-11-20 18:37:56 INFO registered client tcp4:127.0.0.1:54522
2020-11-20 18:38:03 INFO WebSocket connection closed: None
2020-11-20 18:38:03 INFO unregistered client tcp4:127.0.0.1:54522
2020-11-20 18:38:04 INFO static website requested: <Request at 0x7fb9487c4d90 method=GET uri=/ clientproto=HTTP/1.1>
2020-11-20 18:38:04 INFO Client connecting: tcp4:127.0.0.1:54526
2020-11-20 18:38:04 INFO WebSocket connection open.
2020-11-20 18:38:04 INFO registered client tcp4:127.0.0.1:54526
2020-11-20 18:38:07 INFO BRIDGE EVENT: 'GROUP VOICE,START,RX,G7RZU,1576981847,2342690,2342690,2,9'
2020-11-20 18:38:07 INFO BRIDGE EVENT: 'GROUP VOICE,START,TX,GB7BC,1576981847,2342690,2342690,2,23510'
2020-11-20 18:38:07 INFO BRIDGE EVENT: 'GROUP VOICE,START,TX,GB7FR,1576981847,2342690,2342690,1,23510'
2020-11-20 18:38:07 INFO BRIDGE EVENT: 'GROUP VOICE,START,TX,MB6NG,1576981847,2342690,2342690,2,23510'
2020-11-20 18:38:11 INFO BRIDGE EVENT: 'GROUP VOICE,END,TX,GB7BC,1576981847,2342690,2342690,2,23510,4.40'
2020-11-20 18:38:11 INFO BRIDGE EVENT: 'GROUP VOICE,END,TX,GB7FR,1576981847,2342690,2342690,1,23510,4.40'
2020-11-20 18:38:11 INFO BRIDGE EVENT: 'GROUP VOICE,END,TX,MB6NG,1576981847,2342690,2342690,2,23510,4.40'
2020-11-20 18:38:11 INFO BRIDGE EVENT: 'GROUP VOICE,END,RX,G7RZU,1576981847,2342690,2342690,2,9,4.40'
2020-11-20 18:38:11 INFO BRIDGE EVENT: 'GROUP VOICE,END,TX,GB7BC,1576981847,2342690,2342690,2,23510,4.40'
2020-11-20 18:38:11 INFO BRIDGE EVENT: 'GROUP VOICE,END,TX,GB7FR,1576981847,2342690,2342690,1,23510,4.40'
2020-11-20 18:38:11 INFO BRIDGE EVENT: 'GROUP VOICE,END,TX,MB6NG,1576981847,2342690,2342690,2,23510,4.40'
2020-11-20 18:40:50 INFO WebSocket connection closed: connection was closed uncleanly (peer dropped the TCP connection without previous WebSocket closing handshake)
2020-11-20 18:40:50 INFO unregistered client tcp4:127.0.0.1:54526
2020-11-20 18:40:50 INFO Lost connection.  Reason: [Failure instance: Traceback (failure with no frames): <class 'twisted.internet.error.ConnectionLost'>: Connection to the other side was lost in a non-clean fashion: Connection lost.
]
2020-11-20 18:40:55 INFO monitor.py starting up
2020-11-20 18:40:55 INFO 

	Copyright (c) 2016, 2017, 2018, 2019
	The Regents of the K0USY Group. All rights reserved.

	Python 3 port:
	2019 Steve Miller, KC1AWV <smiller@kc1awv.net>

	Version by:	 SP2ONG 2019-2020


2020-11-20 18:40:55 INFO ID ALIAS MAPPER: 'peer_ids.json' is current, not downloaded
2020-11-20 18:40:55 INFO ID ALIAS MAPPER: 'subscriber_ids.json' is current, not downloaded
2020-11-20 18:40:56 INFO ID ALIAS MAPPER: peer_ids dictionary is available
2020-11-20 18:40:58 INFO ID ALIAS MAPPER: subscriber_ids dictionary is available
2020-11-20 18:40:58 INFO ID ALIAS MAPPER: talkgroup_ids dictionary is available
2020-11-20 18:40:58 INFO ID ALIAS MAPPER: local_subscriber_ids added to subscriber_ids dictionary
2020-11-20 18:40:58 INFO ID ALIAS MAPPER: local_peer_ids added peer_ids dictionary
2020-11-20 18:40:58 INFO reportClient object for connecting to HBlink.py created at: <__main__.reportClientFactory object at 0x7f162a1a5370>
2020-11-20 18:40:58 INFO Initiating Connection to Server.
2020-11-20 18:40:58 INFO Connected.
2020-11-20 18:40:58 INFO Resetting reconnection delay
2020-11-20 18:41:01 INFO static website requested: <Request at 0x7f16273e98b0 method=GET uri=/ clientproto=HTTP/1.1>
2020-11-20 18:41:01 INFO Client connecting: tcp4:127.0.0.1:54540
2020-11-20 18:41:01 INFO WebSocket connection open.
2020-11-20 18:41:01 INFO registered client tcp4:127.0.0.1:54540
2020-11-20 18:41:11 INFO BRIDGE EVENT: 'GROUP VOICE,START,RX,G7RZU,3542892154,2342690,2342690,2,9'
2020-11-20 18:41:11 INFO BRIDGE EVENT: 'GROUP VOICE,START,TX,GB7BC,3542892154,2342690,2342690,2,23510'
2020-11-20 18:41:11 INFO BRIDGE EVENT: 'GROUP VOICE,START,TX,GB7FR,3542892154,2342690,2342690,1,23510'
2020-11-20 18:41:11 INFO BRIDGE EVENT: 'GROUP VOICE,START,TX,MB6NG,3542892154,2342690,2342690,2,23510'
2020-11-20 18:41:13 INFO BRIDGE EVENT: 'GROUP VOICE,END,TX,GB7BC,3542892154,2342690,2342690,2,23510,1.94'
2020-11-20 18:41:13 INFO BRIDGE EVENT: 'GROUP VOICE,END,TX,GB7FR,3542892154,2342690,2342690,1,23510,1.94'
2020-11-20 18:41:13 INFO BRIDGE EVENT: 'GROUP VOICE,END,TX,MB6NG,3542892154,2342690,2342690,2,23510,1.94'
2020-11-20 18:41:13 INFO BRIDGE EVENT: 'GROUP VOICE,END,RX,G7RZU,3542892154,2342690,2342690,2,9,1.94'
2020-11-20 18:41:13 INFO BRIDGE EVENT: 'GROUP VOICE,END,TX,GB7BC,3542892154,2342690,2342690,2,23510,1.94'
2020-11-20 18:41:13 INFO BRIDGE EVENT: 'GROUP VOICE,END,TX,GB7FR,3542892154,2342690,2342690,1,23510,1.94'
2020-11-20 18:41:13 INFO BRIDGE EVENT: 'GROUP VOICE,END,TX,MB6NG,3542892154,2342690,2342690,2,23510,1.94'
2020-11-20 18:41:15 INFO BRIDGE EVENT: 'GROUP VOICE,START,RX,G7RZU,3702272320,2342690,2342690,2,9'
2020-11-20 18:41:15 INFO BRIDGE EVENT: 'GROUP VOICE,START,TX,GB7BC,3702272320,2342690,2342690,2,23510'
2020-11-20 18:41:15 INFO BRIDGE EVENT: 'GROUP VOICE,START,TX,GB7FR,3702272320,2342690,2342690,1,23510'
2020-11-20 18:41:15 INFO BRIDGE EVENT: 'GROUP VOICE,START,TX,MB6NG,3702272320,2342690,2342690,2,23510'
2020-11-20 18:41:16 INFO BRIDGE EVENT: 'GROUP VOICE,END,TX,GB7BC,3702272320,2342690,2342690,2,23510,1.55'
2020-11-20 18:41:16 INFO BRIDGE EVENT: 'GROUP VOICE,END,TX,GB7FR,3702272320,2342690,2342690,1,23510,1.55'
2020-11-20 18:41:16 INFO BRIDGE EVENT: 'GROUP VOICE,END,TX,MB6NG,3702272320,2342690,2342690,2,23510,1.55'
2020-11-20 18:41:17 INFO BRIDGE EVENT: 'GROUP VOICE,END,RX,G7RZU,3702272320,2342690,2342690,2,9,1.55'
2020-11-20 18:41:17 INFO BRIDGE EVENT: 'GROUP VOICE,END,TX,GB7BC,3702272320,2342690,2342690,2,23510,1.55'
2020-11-20 18:41:17 INFO BRIDGE EVENT: 'GROUP VOICE,END,TX,GB7FR,3702272320,2342690,2342690,1,23510,1.55'
2020-11-20 18:41:17 INFO BRIDGE EVENT: 'GROUP VOICE,END,TX,MB6NG,3702272320,2342690,2342690,2,23510,1.55'
2020-11-20 18:41:19 INFO BRIDGE EVENT: 'GROUP VOICE,START,RX,G7RZU,3860283144,2342690,2342690,2,9'
2020-11-20 18:41:19 INFO BRIDGE EVENT: 'GROUP VOICE,START,TX,GB7BC,3860283144,2342690,2342690,2,23510'
2020-11-20 18:41:19 INFO BRIDGE EVENT: 'GROUP VOICE,START,TX,GB7FR,3860283144,2342690,2342690,1,23510'
2020-11-20 18:41:19 INFO BRIDGE EVENT: 'GROUP VOICE,START,TX,MB6NG,3860283144,2342690,2342690,2,23510'
2020-11-20 18:41:20 INFO BRIDGE EVENT: 'GROUP VOICE,END,TX,GB7BC,3860283144,2342690,2342690,2,23510,1.05'
2020-11-20 18:41:20 INFO BRIDGE EVENT: 'GROUP VOICE,END,TX,GB7FR,3860283144,2342690,2342690,1,23510,1.05'
2020-11-20 18:41:20 INFO BRIDGE EVENT: 'GROUP VOICE,END,TX,MB6NG,3860283144,2342690,2342690,2,23510,1.05'
2020-11-20 18:41:20 INFO BRIDGE EVENT: 'GROUP VOICE,END,RX,G7RZU,3860283144,2342690,2342690,2,9,1.05'
2020-11-20 18:41:20 INFO BRIDGE EVENT: 'GROUP VOICE,END,TX,GB7BC,3860283144,2342690,2342690,2,23510,1.06'
2020-11-20 18:41:20 INFO BRIDGE EVENT: 'GROUP VOICE,END,TX,GB7FR,3860283144,2342690,2342690,1,23510,1.06'
2020-11-20 18:41:20 INFO BRIDGE EVENT: 'GROUP VOICE,END,TX,MB6NG,3860283144,2342690,2342690,2,23510,1.06'
2020-11-20 18:41:25 INFO BRIDGE EVENT: 'GROUP VOICE,START,RX,G7RZU,3677412888,2342690,2342690,2,9'
2020-11-20 18:41:25 INFO BRIDGE EVENT: 'GROUP VOICE,START,TX,GB7BC,3677412888,2342690,2342690,2,23510'
2020-11-20 18:41:25 INFO BRIDGE EVENT: 'GROUP VOICE,START,TX,GB7FR,3677412888,2342690,2342690,1,23510'
2020-11-20 18:41:25 INFO BRIDGE EVENT: 'GROUP VOICE,START,TX,MB6NG,3677412888,2342690,2342690,2,23510'
2020-11-20 18:41:26 INFO BRIDGE EVENT: 'GROUP VOICE,END,TX,GB7BC,3677412888,2342690,2342690,2,23510,1.60'
2020-11-20 18:41:26 INFO BRIDGE EVENT: 'GROUP VOICE,END,TX,GB7FR,3677412888,2342690,2342690,1,23510,1.60'
2020-11-20 18:41:26 INFO BRIDGE EVENT: 'GROUP VOICE,END,TX,MB6NG,3677412888,2342690,2342690,2,23510,1.60'
2020-11-20 18:41:26 INFO BRIDGE EVENT: 'GROUP VOICE,END,RX,G7RZU,3677412888,2342690,2342690,2,9,1.60'
2020-11-20 18:41:26 INFO BRIDGE EVENT: 'GROUP VOICE,END,TX,GB7BC,3677412888,2342690,2342690,2,23510,1.60'
2020-11-20 18:41:26 INFO BRIDGE EVENT: 'GROUP VOICE,END,TX,GB7FR,3677412888,2342690,2342690,1,23510,1.60'
2020-11-20 18:41:26 INFO BRIDGE EVENT: 'GROUP VOICE,END,TX,MB6NG,3677412888,2342690,2342690,2,23510,1.60'
2020-11-20 18:42:02 INFO BRIDGE EVENT: 'GROUP VOICE,START,RX,G7RZU,564691758,2342690,2342690,2,23510'
2020-11-20 18:42:04 INFO BRIDGE EVENT: 'GROUP VOICE,END,RX,G7RZU,564691758,2342690,2342690,2,23510,1.92'
2020-11-20 18:42:04 INFO BRIDGE EVENT: 'GROUP VOICE,END,TX,GB7BC,564691758,2342690,2342690,2,23510,38.99'
2020-11-20 18:42:04 INFO BRIDGE EVENT: 'GROUP VOICE,END,TX,GB7FR,564691758,2342690,2342690,1,23510,38.99'
2020-11-20 18:42:04 INFO BRIDGE EVENT: 'GROUP VOICE,END,TX,MB6NG,564691758,2342690,2342690,2,23510,38.99'
2020-11-20 18:43:26 INFO WebSocket connection closed: connection was closed uncleanly (peer dropped the TCP connection without previous WebSocket closing handshake)
2020-11-20 18:43:26 INFO unregistered client tcp4:127.0.0.1:54540
2020-11-20 18:43:26 INFO Lost connection.  Reason: [Failure instance: Traceback (failure with no frames): <class 'twisted.internet.error.ConnectionLost'>: Connection to the other side was lost in a non-clean fashion: Connection lost.
]
2020-11-20 18:43:28 INFO monitor.py starting up
2020-11-20 18:43:28 INFO 

	Copyright (c) 2016, 2017, 2018, 2019
	The Regents of the K0USY Group. All rights reserved.

	Python 3 port:
	2019 Steve Miller, KC1AWV <smiller@kc1awv.net>

	Version by:	 SP2ONG 2019-2020


2020-11-20 18:43:28 INFO ID ALIAS MAPPER: 'peer_ids.json' is current, not downloaded
2020-11-20 18:43:28 INFO ID ALIAS MAPPER: 'subscriber_ids.json' is current, not downloaded
2020-11-20 18:43:28 INFO ID ALIAS MAPPER: peer_ids dictionary is available
2020-11-20 18:43:30 INFO ID ALIAS MAPPER: subscriber_ids dictionary is available
2020-11-20 18:43:30 INFO ID ALIAS MAPPER: talkgroup_ids dictionary is available
2020-11-20 18:43:30 INFO ID ALIAS MAPPER: local_subscriber_ids added to subscriber_ids dictionary
2020-11-20 18:43:30 INFO ID ALIAS MAPPER: local_peer_ids added peer_ids dictionary
2020-11-20 18:43:31 INFO reportClient object for connecting to HBlink.py created at: <__main__.reportClientFactory object at 0x7fd24007c490>
2020-11-20 18:43:31 INFO Initiating Connection to Server.
2020-11-20 18:43:31 INFO Connected.
2020-11-20 18:43:31 INFO Resetting reconnection delay
2020-11-20 18:43:37 INFO static website requested: <Request at 0x7fd239bd4250 method=GET uri=/ clientproto=HTTP/1.1>
2020-11-20 18:43:38 INFO Client connecting: tcp4:127.0.0.1:54566
2020-11-20 18:43:38 INFO WebSocket connection open.
2020-11-20 18:43:38 INFO registered client tcp4:127.0.0.1:54566
2020-11-20 18:43:39 INFO WebSocket connection closed: None
2020-11-20 18:43:39 INFO unregistered client tcp4:127.0.0.1:54566
2020-11-20 18:43:39 INFO static website requested: <Request at 0x7fd239bd48e0 method=GET uri=/ clientproto=HTTP/1.1>
2020-11-20 18:43:40 INFO Client connecting: tcp4:127.0.0.1:54568
2020-11-20 18:43:40 INFO WebSocket connection open.
2020-11-20 18:43:40 INFO registered client tcp4:127.0.0.1:54568
2020-11-20 18:43:41 INFO WebSocket connection closed: None
2020-11-20 18:43:41 INFO unregistered client tcp4:127.0.0.1:54568
2020-11-20 18:43:41 INFO static website requested: <Request at 0x7fd23fc06400 method=GET uri=/ clientproto=HTTP/1.1>
2020-11-20 18:43:42 INFO Client connecting: tcp4:127.0.0.1:54570
2020-11-20 18:43:42 INFO WebSocket connection open.
2020-11-20 18:43:42 INFO registered client tcp4:127.0.0.1:54570
2020-11-20 18:43:46 INFO WebSocket connection closed: None
2020-11-20 18:43:46 INFO unregistered client tcp4:127.0.0.1:54570
2020-11-20 18:43:46 INFO static website requested: <Request at 0x7fd239bd4160 method=GET uri=/ clientproto=HTTP/1.1>
2020-11-20 18:43:47 INFO Client connecting: tcp4:127.0.0.1:54574
2020-11-20 18:43:47 INFO WebSocket connection open.
2020-11-20 18:43:47 INFO registered client tcp4:127.0.0.1:54574
2020-11-20 18:43:47 INFO WebSocket connection closed: None
2020-11-20 18:43:47 INFO unregistered client tcp4:127.0.0.1:54574
2020-11-20 18:43:48 INFO static website requested: <Request at 0x7fd23fe4d3a0 method=GET uri=/ clientproto=HTTP/1.1>
2020-11-20 18:43:48 INFO Client connecting: tcp4:127.0.0.1:54576
2020-11-20 18:43:48 INFO WebSocket connection open.
2020-11-20 18:43:48 INFO registered client tcp4:127.0.0.1:54576
2020-11-20 18:43:49 INFO WebSocket connection closed: None
2020-11-20 18:43:49 INFO unregistered client tcp4:127.0.0.1:54576
2020-11-20 18:43:49 INFO static website requested: <Request at 0x7fd239bd43a0 method=GET uri=/ clientproto=HTTP/1.1>
2020-11-20 18:43:50 INFO Client connecting: tcp4:127.0.0.1:54578
2020-11-20 18:43:50 INFO WebSocket connection open.
2020-11-20 18:43:50 INFO registered client tcp4:127.0.0.1:54578
2020-11-20 18:44:02 INFO WebSocket connection closed: None
2020-11-20 18:44:02 INFO unregistered client tcp4:127.0.0.1:54578
2020-11-20 18:44:02 INFO static website requested: <Request at 0x7fd24038deb0 method=GET uri=/ clientproto=HTTP/1.1>
2020-11-20 18:44:03 INFO Client connecting: tcp4:127.0.0.1:54584
2020-11-20 18:44:03 INFO WebSocket connection open.
2020-11-20 18:44:03 INFO registered client tcp4:127.0.0.1:54584
2020-11-20 18:44:04 INFO BRIDGE EVENT: 'GROUP VOICE,START,RX,G7RZU,2628533838,2342690,2342690,2,9'
2020-11-20 18:44:04 INFO BRIDGE EVENT: 'GROUP VOICE,START,TX,GB7BC,2628533838,2342690,2342690,2,23510'
2020-11-20 18:44:04 INFO BRIDGE EVENT: 'GROUP VOICE,START,TX,GB7FR,2628533838,2342690,2342690,1,23510'
2020-11-20 18:44:04 INFO BRIDGE EVENT: 'GROUP VOICE,START,TX,MB6NG,2628533838,2342690,2342690,2,23510'
2020-11-20 18:44:07 INFO BRIDGE EVENT: 'GROUP VOICE,END,TX,GB7BC,2628533838,2342690,2342690,2,23510,2.67'
2020-11-20 18:44:07 INFO BRIDGE EVENT: 'GROUP VOICE,END,TX,GB7FR,2628533838,2342690,2342690,1,23510,2.67'
2020-11-20 18:44:07 INFO BRIDGE EVENT: 'GROUP VOICE,END,TX,MB6NG,2628533838,2342690,2342690,2,23510,2.67'
2020-11-20 18:44:07 INFO BRIDGE EVENT: 'GROUP VOICE,END,RX,G7RZU,2628533838,2342690,2342690,2,9,2.67'
2020-11-20 18:44:07 INFO BRIDGE EVENT: 'GROUP VOICE,END,TX,GB7BC,2628533838,2342690,2342690,2,23510,2.68'
2020-11-20 18:44:07 INFO BRIDGE EVENT: 'GROUP VOICE,END,TX,GB7FR,2628533838,2342690,2342690,1,23510,2.68'
2020-11-20 18:44:07 INFO BRIDGE EVENT: 'GROUP VOICE,END,TX,MB6NG,2628533838,2342690,2342690,2,23510,2.68'
2020-11-20 18:44:10 INFO BRIDGE EVENT: 'GROUP VOICE,START,RX,G7RZU,1148106773,2342690,2342690,2,9'
2020-11-20 18:44:10 INFO BRIDGE EVENT: 'GROUP VOICE,START,TX,GB7BC,1148106773,2342690,2342690,2,23510'
2020-11-20 18:44:10 INFO BRIDGE EVENT: 'GROUP VOICE,START,TX,GB7FR,1148106773,2342690,2342690,1,23510'
2020-11-20 18:44:10 INFO BRIDGE EVENT: 'GROUP VOICE,START,TX,MB6NG,1148106773,2342690,2342690,2,23510'
2020-11-20 18:44:12 INFO BRIDGE EVENT: 'GROUP VOICE,END,TX,GB7BC,1148106773,2342690,2342690,2,23510,1.19'
2020-11-20 18:44:12 INFO BRIDGE EVENT: 'GROUP VOICE,END,TX,GB7FR,1148106773,2342690,2342690,1,23510,1.19'
2020-11-20 18:44:12 INFO BRIDGE EVENT: 'GROUP VOICE,END,TX,MB6NG,1148106773,2342690,2342690,2,23510,1.19'
2020-11-20 18:44:12 INFO BRIDGE EVENT: 'GROUP VOICE,END,RX,G7RZU,1148106773,2342690,2342690,2,9,1.19'
2020-11-20 18:44:12 INFO BRIDGE EVENT: 'GROUP VOICE,END,TX,GB7BC,1148106773,2342690,2342690,2,23510,1.20'
2020-11-20 18:44:12 INFO BRIDGE EVENT: 'GROUP VOICE,END,TX,GB7FR,1148106773,2342690,2342690,1,23510,1.20'
2020-11-20 18:44:12 INFO BRIDGE EVENT: 'GROUP VOICE,END,TX,MB6NG,1148106773,2342690,2342690,2,23510,1.20'
2020-11-20 18:45:11 INFO WebSocket connection closed: connection was closed uncleanly (peer dropped the TCP connection without previous WebSocket closing handshake)
2020-11-20 18:45:11 INFO unregistered client tcp4:127.0.0.1:54584
2020-11-20 18:45:11 INFO Lost connection.  Reason: [Failure instance: Traceback (failure with no frames): <class 'twisted.internet.error.ConnectionLost'>: Connection to the other side was lost in a non-clean fashion: Connection lost.
]
2020-11-20 18:45:13 INFO monitor.py starting up
2020-11-20 18:45:13 INFO 

	Copyright (c) 2016, 2017, 2018, 2019
	The Regents of the K0USY Group. All rights reserved.

	Python 3 port:
	2019 Steve Miller, KC1AWV <smiller@kc1awv.net>

	Version by:	 SP2ONG 2019-2020


2020-11-20 18:45:13 INFO ID ALIAS MAPPER: 'peer_ids.json' is current, not downloaded
2020-11-20 18:45:13 INFO ID ALIAS MAPPER: 'subscriber_ids.json' is current, not downloaded
2020-11-20 18:45:13 INFO ID ALIAS MAPPER: peer_ids dictionary is available
2020-11-20 18:45:15 INFO ID ALIAS MAPPER: subscriber_ids dictionary is available
2020-11-20 18:45:15 INFO ID ALIAS MAPPER: talkgroup_ids dictionary is available
2020-11-20 18:45:15 INFO ID ALIAS MAPPER: local_subscriber_ids added to subscriber_ids dictionary
2020-11-20 18:45:15 INFO ID ALIAS MAPPER: local_peer_ids added peer_ids dictionary
2020-11-20 18:45:15 INFO reportClient object for connecting to HBlink.py created at: <__main__.reportClientFactory object at 0x7f39567e4580>
2020-11-20 18:45:15 INFO Initiating Connection to Server.
2020-11-20 18:45:15 INFO Connected.
2020-11-20 18:45:15 INFO Resetting reconnection delay
2020-11-20 18:45:28 INFO static website requested: <Request at 0x7f394fbc11f0 method=GET uri=/ clientproto=HTTP/1.1>
2020-11-20 18:45:28 INFO Client connecting: tcp4:127.0.0.1:54598
2020-11-20 18:45:28 INFO WebSocket connection open.
2020-11-20 18:45:28 INFO registered client tcp4:127.0.0.1:54598
2020-11-20 18:45:29 INFO WebSocket connection closed: None
2020-11-20 18:45:29 INFO unregistered client tcp4:127.0.0.1:54598
2020-11-20 18:45:29 INFO static website requested: <Request at 0x7f394fbc1d30 method=GET uri=/ clientproto=HTTP/1.1>
2020-11-20 18:45:30 INFO Client connecting: tcp4:127.0.0.1:54600
2020-11-20 18:45:30 INFO WebSocket connection open.
2020-11-20 18:45:30 INFO registered client tcp4:127.0.0.1:54600
2020-11-20 18:45:42 INFO WebSocket connection closed: None
2020-11-20 18:45:42 INFO unregistered client tcp4:127.0.0.1:54600
2020-11-20 18:45:42 INFO static website requested: <Request at 0x7f39579d1ee0 method=GET uri=/ clientproto=HTTP/1.1>
2020-11-20 18:45:42 INFO Client connecting: tcp4:127.0.0.1:54602
2020-11-20 18:45:42 INFO WebSocket connection open.
2020-11-20 18:45:42 INFO registered client tcp4:127.0.0.1:54602
2020-11-20 18:45:44 INFO WebSocket connection closed: None
2020-11-20 18:45:44 INFO unregistered client tcp4:127.0.0.1:54602
2020-11-20 18:45:44 INFO static website requested: <Request at 0x7f395787e430 method=GET uri=/ clientproto=HTTP/1.1>
2020-11-20 18:45:44 INFO Client connecting: tcp4:127.0.0.1:54604
2020-11-20 18:45:44 INFO WebSocket connection open.
2020-11-20 18:45:44 INFO registered client tcp4:127.0.0.1:54604
2020-11-20 18:45:47 INFO WebSocket connection closed: None
2020-11-20 18:45:47 INFO unregistered client tcp4:127.0.0.1:54604
2020-11-20 18:45:47 INFO static website requested: <Request at 0x7f39561b5fa0 method=GET uri=/ clientproto=HTTP/1.1>
2020-11-20 18:45:48 INFO Client connecting: tcp4:127.0.0.1:54606
2020-11-20 18:45:48 INFO WebSocket connection open.
2020-11-20 18:45:48 INFO registered client tcp4:127.0.0.1:54606
2020-11-20 18:45:52 INFO WebSocket connection closed: None
2020-11-20 18:45:52 INFO unregistered client tcp4:127.0.0.1:54606
2020-11-20 18:45:52 INFO static website requested: <Request at 0x7f39579d1d90 method=GET uri=/ clientproto=HTTP/1.1>
2020-11-20 18:45:53 INFO Client connecting: tcp4:127.0.0.1:54608
2020-11-20 18:45:53 INFO WebSocket connection open.
2020-11-20 18:45:53 INFO registered client tcp4:127.0.0.1:54608
2020-11-20 18:45:53 INFO WebSocket connection closed: None
2020-11-20 18:45:53 INFO unregistered client tcp4:127.0.0.1:54608
2020-11-20 18:45:53 INFO static website requested: <Request at 0x7f39561b5fa0 method=GET uri=/ clientproto=HTTP/1.1>
2020-11-20 18:45:54 INFO Client connecting: tcp4:127.0.0.1:54610
2020-11-20 18:45:54 INFO WebSocket connection open.
2020-11-20 18:45:54 INFO registered client tcp4:127.0.0.1:54610
2020-11-20 18:45:55 INFO WebSocket connection closed: None
2020-11-20 18:45:55 INFO unregistered client tcp4:127.0.0.1:54610
2020-11-20 18:45:55 INFO static website requested: <Request at 0x7f39564faaf0 method=GET uri=/ clientproto=HTTP/1.1>
2020-11-20 18:45:55 INFO Client connecting: tcp4:127.0.0.1:54612
2020-11-20 18:45:55 INFO WebSocket connection open.
2020-11-20 18:45:55 INFO registered client tcp4:127.0.0.1:54612
2020-11-20 18:45:56 INFO WebSocket connection closed: None
2020-11-20 18:45:56 INFO unregistered client tcp4:127.0.0.1:54612
2020-11-20 18:45:56 INFO static website requested: <Request at 0x7f39555bda60 method=GET uri=/ clientproto=HTTP/1.1>
2020-11-20 18:45:57 INFO Client connecting: tcp4:127.0.0.1:54614
2020-11-20 18:45:57 INFO WebSocket connection open.
2020-11-20 18:45:57 INFO registered client tcp4:127.0.0.1:54614
2020-11-20 18:45:57 INFO WebSocket connection closed: None
2020-11-20 18:45:57 INFO unregistered client tcp4:127.0.0.1:54614
2020-11-20 18:45:57 INFO static website requested: <Request at 0x7f39564faaf0 method=GET uri=/ clientproto=HTTP/1.1>
2020-11-20 18:45:58 INFO Client connecting: tcp4:127.0.0.1:54616
2020-11-20 18:45:58 INFO WebSocket connection open.
2020-11-20 18:45:58 INFO registered client tcp4:127.0.0.1:54616
2020-11-20 18:46:00 INFO WebSocket connection closed: None
2020-11-20 18:46:00 INFO unregistered client tcp4:127.0.0.1:54616
2020-11-20 18:46:00 INFO static website requested: <Request at 0x7f395787e370 method=GET uri=/ clientproto=HTTP/1.1>
2020-11-20 18:46:00 INFO Client connecting: tcp4:127.0.0.1:54618
2020-11-20 18:46:00 INFO WebSocket connection open.
2020-11-20 18:46:00 INFO registered client tcp4:127.0.0.1:54618
2020-11-20 18:46:01 INFO WebSocket connection closed: None
2020-11-20 18:46:01 INFO unregistered client tcp4:127.0.0.1:54618
2020-11-20 18:46:02 INFO static website requested: <Request at 0x7f39532564f0 method=GET uri=/ clientproto=HTTP/1.1>
2020-11-20 18:46:02 INFO Client connecting: tcp4:127.0.0.1:54620
2020-11-20 18:46:02 INFO WebSocket connection open.
2020-11-20 18:46:02 INFO registered client tcp4:127.0.0.1:54620
2020-11-20 18:46:04 INFO BRIDGE EVENT: 'GROUP VOICE,START,RX,G7RZU,1195196268,2342690,2342690,2,9'
2020-11-20 18:46:04 INFO Lost connection.  Reason: [Failure instance: Traceback: <class 'TypeError'>: can only concatenate str (not "int") to str
/usr/local/lib/python3.8/dist-packages/twisted/python/log.py:86:callWithContext
/usr/local/lib/python3.8/dist-packages/twisted/python/context.py:122:callWithContext
/usr/local/lib/python3.8/dist-packages/twisted/python/context.py:85:callWithContext
/usr/local/lib/python3.8/dist-packages/twisted/internet/posixbase.py:627:_doReadOrWrite
--- <exception caught here> ---
/usr/local/lib/python3.8/dist-packages/twisted/internet/posixbase.py:614:_doReadOrWrite
/usr/local/lib/python3.8/dist-packages/twisted/internet/tcp.py:243:doRead
/usr/local/lib/python3.8/dist-packages/twisted/internet/tcp.py:249:_dataReceived
/usr/local/lib/python3.8/dist-packages/twisted/protocols/basic.py:180:dataReceived
/usr/local/lib/python3.8/dist-packages/twisted/protocols/basic.py:225:_consumeData
/usr/local/lib/python3.8/dist-packages/twisted/protocols/basic.py:352:_consumePayload
/usr/local/lib/python3.8/dist-packages/twisted/protocols/basic.py:398:_processPayload
monitor.py:681:stringReceived
monitor.py:605:process_message
monitor.py:524:rts_update
]
2020-11-20 18:46:07 INFO Initiating Connection to Server.
2020-11-20 18:46:07 INFO Connected.
2020-11-20 18:46:07 INFO Resetting reconnection delay
2020-11-20 18:46:16 INFO WebSocket connection closed: connection was closed uncleanly (peer dropped the TCP connection without previous WebSocket closing handshake)
2020-11-20 18:46:16 INFO unregistered client tcp4:127.0.0.1:54620
2020-11-20 18:46:16 INFO Lost connection.  Reason: [Failure instance: Traceback (failure with no frames): <class 'twisted.internet.error.ConnectionLost'>: Connection to the other side was lost in a non-clean fashion: Connection lost.
]
2020-11-20 18:51:26 INFO monitor.py starting up
2020-11-20 18:51:26 INFO 

	Copyright (c) 2016, 2017, 2018, 2019
	The Regents of the K0USY Group. All rights reserved.

	Python 3 port:
	2019 Steve Miller, KC1AWV <smiller@kc1awv.net>

	Version by:	 SP2ONG 2019-2020


2020-11-20 18:51:26 INFO ID ALIAS MAPPER: 'peer_ids.json' is current, not downloaded
2020-11-20 18:51:26 INFO ID ALIAS MAPPER: 'subscriber_ids.json' is current, not downloaded
2020-11-20 18:51:27 INFO ID ALIAS MAPPER: peer_ids dictionary is available
2020-11-20 18:51:29 INFO ID ALIAS MAPPER: subscriber_ids dictionary is available
2020-11-20 18:51:29 INFO ID ALIAS MAPPER: talkgroup_ids dictionary is available
2020-11-20 18:51:29 INFO ID ALIAS MAPPER: local_subscriber_ids added to subscriber_ids dictionary
2020-11-20 18:51:29 INFO ID ALIAS MAPPER: local_peer_ids added peer_ids dictionary
2020-11-20 18:51:29 INFO reportClient object for connecting to HBlink.py created at: <__main__.reportClientFactory object at 0x7f65b43375b0>
2020-11-20 18:51:29 INFO Initiating Connection to Server.
2020-11-20 18:51:29 INFO Connected.
2020-11-20 18:51:29 INFO Resetting reconnection delay
2020-11-20 18:51:33 INFO static website requested: <Request at 0x7f65b310c6d0 method=GET uri=/ clientproto=HTTP/1.1>
2020-11-20 18:51:34 INFO static website requested: <Request at 0x7f65b4049370 method=GET uri=/favicon.ico clientproto=HTTP/1.1>
2020-11-20 18:51:34 INFO Client connecting: tcp4:127.0.0.1:54760
2020-11-20 18:51:34 INFO WebSocket connection open.
2020-11-20 18:51:34 INFO registered client tcp4:127.0.0.1:54760
2020-11-20 18:51:36 INFO WebSocket connection closed: None
2020-11-20 18:51:36 INFO unregistered client tcp4:127.0.0.1:54760
2020-11-20 18:51:36 INFO static website requested: <Request at 0x7f65b450afd0 method=GET uri=/ clientproto=HTTP/1.1>
2020-11-20 18:51:36 INFO Client connecting: tcp4:127.0.0.1:54762
2020-11-20 18:51:36 INFO WebSocket connection open.
2020-11-20 18:51:36 INFO registered client tcp4:127.0.0.1:54762
2020-11-20 18:51:36 INFO static website requested: <Request at 0x7f65b450afd0 method=GET uri=/favicon.ico clientproto=HTTP/1.1>
2020-11-20 18:51:37 INFO WebSocket connection closed: None
2020-11-20 18:51:37 INFO unregistered client tcp4:127.0.0.1:54762
2020-11-20 18:51:37 INFO static website requested: <Request at 0x7f65b0e64c40 method=GET uri=/ clientproto=HTTP/1.1>
2020-11-20 18:51:38 INFO Client connecting: tcp4:127.0.0.1:54766
2020-11-20 18:51:38 INFO WebSocket connection open.
2020-11-20 18:51:38 INFO registered client tcp4:127.0.0.1:54766
2020-11-20 18:51:38 INFO WebSocket connection closed: None
2020-11-20 18:51:38 INFO unregistered client tcp4:127.0.0.1:54766
2020-11-20 18:51:39 INFO static website requested: <Request at 0x7f65b0e64c70 method=GET uri=/ clientproto=HTTP/1.1>
2020-11-20 18:51:39 INFO Client connecting: tcp4:127.0.0.1:54768
2020-11-20 18:51:39 INFO WebSocket connection open.
2020-11-20 18:51:39 INFO registered client tcp4:127.0.0.1:54768
2020-11-20 18:51:39 INFO static website requested: <Request at 0x7f65b450a880 method=GET uri=/favicon.ico clientproto=HTTP/1.1>
2020-11-20 18:51:41 INFO BRIDGE EVENT: 'GROUP VOICE,START,RX,G7RZU,453753372,2342690,2342690,2,9'
2020-11-20 18:51:41 INFO BRIDGE EVENT: 'GROUP VOICE,START,TX,GB7BC,453753372,2342690,2342690,2,23510'
2020-11-20 18:51:41 INFO BRIDGE EVENT: 'GROUP VOICE,START,TX,GB7FR,453753372,2342690,2342690,1,23510'
2020-11-20 18:51:41 INFO BRIDGE EVENT: 'GROUP VOICE,START,TX,MB6NG,453753372,2342690,2342690,2,23510'
2020-11-20 18:51:42 INFO BRIDGE EVENT: 'GROUP VOICE,END,TX,GB7BC,453753372,2342690,2342690,2,23510,0.61'
2020-11-20 18:51:42 INFO BRIDGE EVENT: 'GROUP VOICE,END,TX,GB7FR,453753372,2342690,2342690,1,23510,0.61'
2020-11-20 18:51:42 INFO BRIDGE EVENT: 'GROUP VOICE,END,TX,MB6NG,453753372,2342690,2342690,2,23510,0.61'
2020-11-20 18:51:42 INFO BRIDGE EVENT: 'GROUP VOICE,END,RX,G7RZU,453753372,2342690,2342690,2,9,0.61'
2020-11-20 18:51:42 INFO BRIDGE EVENT: 'GROUP VOICE,END,TX,GB7BC,453753372,2342690,2342690,2,23510,0.62'
2020-11-20 18:51:42 INFO BRIDGE EVENT: 'GROUP VOICE,END,TX,GB7FR,453753372,2342690,2342690,1,23510,0.62'
2020-11-20 18:51:42 INFO BRIDGE EVENT: 'GROUP VOICE,END,TX,MB6NG,453753372,2342690,2342690,2,23510,0.62'
2020-11-20 18:51:45 INFO WebSocket connection closed: None
2020-11-20 18:51:45 INFO unregistered client tcp4:127.0.0.1:54768
2020-11-20 18:51:45 INFO static website requested: <Request at 0x7f65b0e64c70 method=GET uri=/ clientproto=HTTP/1.1>
2020-11-20 18:51:46 INFO Client connecting: tcp4:127.0.0.1:54772
2020-11-20 18:51:46 INFO WebSocket connection open.
2020-11-20 18:51:46 INFO registered client tcp4:127.0.0.1:54772
2020-11-20 18:51:46 INFO WebSocket connection closed: None
2020-11-20 18:51:46 INFO unregistered client tcp4:127.0.0.1:54772
2020-11-20 18:51:47 INFO static website requested: <Request at 0x7f65b450a880 method=GET uri=/ clientproto=HTTP/1.1>
2020-11-20 18:51:47 INFO static website requested: <Request at 0x7f65b450a880 method=GET uri=/favicon.ico clientproto=HTTP/1.1>
2020-11-20 18:51:47 INFO Client connecting: tcp4:127.0.0.1:54774
2020-11-20 18:51:47 INFO WebSocket connection open.
2020-11-20 18:51:47 INFO registered client tcp4:127.0.0.1:54774
2020-11-20 18:51:48 INFO WebSocket connection closed: None
2020-11-20 18:51:48 INFO unregistered client tcp4:127.0.0.1:54774
2020-11-20 18:51:48 INFO static website requested: <Request at 0x7f65ad7d3c40 method=GET uri=/ clientproto=HTTP/1.1>
2020-11-20 18:51:48 INFO Client connecting: tcp4:127.0.0.1:54776
2020-11-20 18:51:48 INFO WebSocket connection open.
2020-11-20 18:51:48 INFO registered client tcp4:127.0.0.1:54776
2020-11-20 18:52:00 INFO WebSocket connection closed: None
2020-11-20 18:52:00 INFO unregistered client tcp4:127.0.0.1:54776
2020-11-20 18:52:01 INFO static website requested: <Request at 0x7f65ad7d33d0 method=GET uri=/ clientproto=HTTP/1.1>
2020-11-20 18:52:01 INFO Client connecting: tcp4:127.0.0.1:54778
2020-11-20 18:52:01 INFO WebSocket connection open.
2020-11-20 18:52:01 INFO registered client tcp4:127.0.0.1:54778
2020-11-20 18:52:03 INFO WebSocket connection closed: None
2020-11-20 18:52:03 INFO unregistered client tcp4:127.0.0.1:54778
2020-11-20 18:52:03 INFO static website requested: <Request at 0x7f65b434f400 method=GET uri=/ clientproto=HTTP/1.1>
2020-11-20 18:52:04 INFO Client connecting: tcp4:127.0.0.1:54782
2020-11-20 18:52:04 INFO WebSocket connection open.
2020-11-20 18:52:04 INFO registered client tcp4:127.0.0.1:54782
2020-11-20 18:52:04 INFO static website requested: <Request at 0x7f65b310c9a0 method=GET uri=/favicon.ico clientproto=HTTP/1.1>
2020-11-20 18:52:06 INFO BRIDGE EVENT: 'GROUP VOICE,START,RX,G7RZU,1919696717,2342690,2342690,2,9'
2020-11-20 18:52:06 INFO BRIDGE EVENT: 'GROUP VOICE,START,TX,GB7BC,1919696717,2342690,2342690,2,23510'
2020-11-20 18:52:06 INFO BRIDGE EVENT: 'GROUP VOICE,START,TX,GB7FR,1919696717,2342690,2342690,1,23510'
2020-11-20 18:52:06 INFO BRIDGE EVENT: 'GROUP VOICE,START,TX,MB6NG,1919696717,2342690,2342690,2,23510'
2020-11-20 18:52:12 INFO BRIDGE EVENT: 'GROUP VOICE,END,RX,G7RZU,1919696717,2342690,2342690,2,9,1.45'
2020-11-20 18:52:12 INFO BRIDGE EVENT: 'GROUP VOICE,END,TX,GB7BC,1919696717,2342690,2342690,2,23510,1.45'
2020-11-20 18:52:12 INFO BRIDGE EVENT: 'GROUP VOICE,END,TX,GB7FR,1919696717,2342690,2342690,1,23510,1.45'
2020-11-20 18:52:12 INFO BRIDGE EVENT: 'GROUP VOICE,END,TX,MB6NG,1919696717,2342690,2342690,2,23510,1.45'
2020-11-20 18:52:21 INFO BRIDGE EVENT: 'GROUP VOICE,END,TX,GB7BC,1919696717,2342690,2342690,2,23510,15.58'
2020-11-20 18:52:21 INFO BRIDGE EVENT: 'GROUP VOICE,END,TX,GB7FR,1919696717,2342690,2342690,1,23510,15.58'
2020-11-20 18:52:21 INFO BRIDGE EVENT: 'GROUP VOICE,END,TX,MB6NG,1919696717,2342690,2342690,2,23510,15.58'
2020-11-20 18:52:21 INFO BRIDGE EVENT: 'GROUP VOICE,END,RX,G7RZU,1919696717,2342690,2342690,2,9,15.58'
2020-11-20 18:52:21 INFO BRIDGE EVENT: 'GROUP VOICE,END,TX,GB7BC,1919696717,2342690,2342690,2,23510,15.58'
2020-11-20 18:52:21 INFO BRIDGE EVENT: 'GROUP VOICE,END,TX,GB7FR,1919696717,2342690,2342690,1,23510,15.58'
2020-11-20 18:52:21 INFO BRIDGE EVENT: 'GROUP VOICE,END,TX,MB6NG,1919696717,2342690,2342690,2,23510,15.58'
2020-11-20 18:52:26 INFO BRIDGE EVENT: 'GROUP VOICE,START,RX,G7RZU,2489996598,2342690,2342690,2,9'
2020-11-20 18:52:26 INFO BRIDGE EVENT: 'GROUP VOICE,START,TX,GB7BC,2489996598,2342690,2342690,2,23510'
2020-11-20 18:52:26 INFO BRIDGE EVENT: 'GROUP VOICE,START,TX,GB7FR,2489996598,2342690,2342690,1,23510'
2020-11-20 18:52:26 INFO BRIDGE EVENT: 'GROUP VOICE,START,TX,MB6NG,2489996598,2342690,2342690,2,23510'
2020-11-20 18:52:28 INFO BRIDGE EVENT: 'GROUP VOICE,END,TX,GB7BC,2489996598,2342690,2342690,2,23510,1.91'
2020-11-20 18:52:28 INFO BRIDGE EVENT: 'GROUP VOICE,END,TX,GB7FR,2489996598,2342690,2342690,1,23510,1.91'
2020-11-20 18:52:28 INFO BRIDGE EVENT: 'GROUP VOICE,END,TX,MB6NG,2489996598,2342690,2342690,2,23510,1.91'
2020-11-20 18:52:28 INFO BRIDGE EVENT: 'GROUP VOICE,END,RX,G7RZU,2489996598,2342690,2342690,2,9,1.91'
2020-11-20 18:52:28 INFO BRIDGE EVENT: 'GROUP VOICE,END,TX,GB7BC,2489996598,2342690,2342690,2,23510,1.91'
2020-11-20 18:52:28 INFO BRIDGE EVENT: 'GROUP VOICE,END,TX,GB7FR,2489996598,2342690,2342690,1,23510,1.91'
2020-11-20 18:52:28 INFO BRIDGE EVENT: 'GROUP VOICE,END,TX,MB6NG,2489996598,2342690,2342690,2,23510,1.91'
2020-11-20 18:52:31 INFO BRIDGE EVENT: 'GROUP VOICE,START,RX,G7RZU,1377901663,2342690,2342690,2,9'
2020-11-20 18:52:31 INFO BRIDGE EVENT: 'GROUP VOICE,START,TX,GB7BC,1377901663,2342690,2342690,2,23510'
2020-11-20 18:52:31 INFO BRIDGE EVENT: 'GROUP VOICE,START,TX,GB7FR,1377901663,2342690,2342690,1,23510'
2020-11-20 18:52:31 INFO BRIDGE EVENT: 'GROUP VOICE,START,TX,MB6NG,1377901663,2342690,2342690,2,23510'
2020-11-20 18:52:33 INFO BRIDGE EVENT: 'GROUP VOICE,END,TX,GB7BC,1377901663,2342690,2342690,2,23510,1.56'
2020-11-20 18:52:33 INFO BRIDGE EVENT: 'GROUP VOICE,END,TX,GB7FR,1377901663,2342690,2342690,1,23510,1.56'
2020-11-20 18:52:33 INFO BRIDGE EVENT: 'GROUP VOICE,END,TX,MB6NG,1377901663,2342690,2342690,2,23510,1.56'
2020-11-20 18:52:33 INFO BRIDGE EVENT: 'GROUP VOICE,END,RX,G7RZU,1377901663,2342690,2342690,2,9,1.56'
2020-11-20 18:52:33 INFO BRIDGE EVENT: 'GROUP VOICE,END,TX,GB7BC,1377901663,2342690,2342690,2,23510,1.57'
2020-11-20 18:52:33 INFO BRIDGE EVENT: 'GROUP VOICE,END,TX,GB7FR,1377901663,2342690,2342690,1,23510,1.57'
2020-11-20 18:52:33 INFO BRIDGE EVENT: 'GROUP VOICE,END,TX,MB6NG,1377901663,2342690,2342690,2,23510,1.57'
2020-11-20 18:52:38 INFO WebSocket connection closed: connection was closed uncleanly (peer dropped the TCP connection without previous WebSocket closing handshake)
2020-11-20 18:52:38 INFO unregistered client tcp4:127.0.0.1:54782
2020-11-20 18:52:38 INFO Lost connection.  Reason: [Failure instance: Traceback (failure with no frames): <class 'twisted.internet.error.ConnectionLost'>: Connection to the other side was lost in a non-clean fashion: Connection lost.
]
2020-11-20 18:54:23 INFO monitor.py starting up
2020-11-20 18:54:23 INFO 

	Copyright (c) 2016, 2017, 2018, 2019
	The Regents of the K0USY Group. All rights reserved.

	Python 3 port:
	2019 Steve Miller, KC1AWV <smiller@kc1awv.net>

	Version by:	 SP2ONG 2019-2020


2020-11-20 18:54:23 INFO ID ALIAS MAPPER: 'peer_ids.json' is current, not downloaded
2020-11-20 18:54:23 INFO ID ALIAS MAPPER: 'subscriber_ids.json' is current, not downloaded
2020-11-20 18:54:23 INFO ID ALIAS MAPPER: peer_ids dictionary is available
2020-11-20 18:54:25 INFO ID ALIAS MAPPER: subscriber_ids dictionary is available
2020-11-20 18:54:25 INFO ID ALIAS MAPPER: talkgroup_ids dictionary is available
2020-11-20 18:54:25 INFO ID ALIAS MAPPER: local_subscriber_ids added to subscriber_ids dictionary
2020-11-20 18:54:25 INFO ID ALIAS MAPPER: local_peer_ids added peer_ids dictionary
2020-11-20 18:54:25 INFO reportClient object for connecting to HBlink.py created at: <__main__.reportClientFactory object at 0x7f2dc1352190>
2020-11-20 18:54:25 INFO Initiating Connection to Server.
2020-11-20 18:54:25 INFO Connected.
2020-11-20 18:54:25 INFO Resetting reconnection delay
2020-11-20 18:54:37 INFO static website requested: <Request at 0x7f2dbe8dc6a0 method=GET uri=/ clientproto=HTTP/1.1>
2020-11-20 18:54:38 INFO Client connecting: tcp4:127.0.0.1:54794
2020-11-20 18:54:38 INFO WebSocket connection open.
2020-11-20 18:54:38 INFO registered client tcp4:127.0.0.1:54794
2020-11-20 18:54:43 INFO WebSocket connection closed: None
2020-11-20 18:54:43 INFO unregistered client tcp4:127.0.0.1:54794
2020-11-20 18:54:44 INFO static website requested: <Request at 0x7f2dc136cdf0 method=GET uri=/ clientproto=HTTP/1.1>
2020-11-20 18:54:44 INFO static website requested: <Request at 0x7f2dbe347bb0 method=GET uri=/favicon.ico clientproto=HTTP/1.1>
2020-11-20 18:54:44 INFO Client connecting: tcp4:127.0.0.1:54796
2020-11-20 18:54:44 INFO WebSocket connection open.
2020-11-20 18:54:44 INFO registered client tcp4:127.0.0.1:54796
2020-11-20 18:54:45 INFO WebSocket connection closed: None
2020-11-20 18:54:45 INFO unregistered client tcp4:127.0.0.1:54796
2020-11-20 18:54:45 INFO static website requested: <Request at 0x7f2dc2970340 method=GET uri=/ clientproto=HTTP/1.1>
2020-11-20 18:54:45 INFO Client connecting: tcp4:127.0.0.1:54798
2020-11-20 18:54:45 INFO WebSocket connection open.
2020-11-20 18:54:45 INFO registered client tcp4:127.0.0.1:54798
2020-11-20 18:54:45 INFO static website requested: <Request at 0x7f2dc136cdf0 method=GET uri=/favicon.ico clientproto=HTTP/1.1>
2020-11-20 18:54:46 INFO WebSocket connection closed: None
2020-11-20 18:54:46 INFO unregistered client tcp4:127.0.0.1:54798
2020-11-20 18:54:46 INFO static website requested: <Request at 0x7f2dc29703a0 method=GET uri=/ clientproto=HTTP/1.1>
2020-11-20 18:54:47 INFO Client connecting: tcp4:127.0.0.1:54802
2020-11-20 18:54:47 INFO WebSocket connection open.
2020-11-20 18:54:47 INFO registered client tcp4:127.0.0.1:54802
2020-11-20 18:54:47 INFO WebSocket connection closed: None
2020-11-20 18:54:47 INFO unregistered client tcp4:127.0.0.1:54802
2020-11-20 18:54:48 INFO static website requested: <Request at 0x7f2dc2970340 method=GET uri=/ clientproto=HTTP/1.1>
2020-11-20 18:54:48 INFO Client connecting: tcp4:127.0.0.1:54804
2020-11-20 18:54:48 INFO WebSocket connection open.
2020-11-20 18:54:48 INFO registered client tcp4:127.0.0.1:54804
2020-11-20 18:54:50 INFO WebSocket connection closed: None
2020-11-20 18:54:50 INFO unregistered client tcp4:127.0.0.1:54804
2020-11-20 18:54:50 INFO static website requested: <Request at 0x7f2dc29703a0 method=GET uri=/ clientproto=HTTP/1.1>
2020-11-20 18:54:51 INFO Client connecting: tcp4:127.0.0.1:54806
2020-11-20 18:54:51 INFO WebSocket connection open.
2020-11-20 18:54:51 INFO registered client tcp4:127.0.0.1:54806
2020-11-20 18:54:51 INFO WebSocket connection closed: None
2020-11-20 18:54:51 INFO unregistered client tcp4:127.0.0.1:54806
2020-11-20 18:54:52 INFO static website requested: <Request at 0x7f2dc18ab880 method=GET uri=/ clientproto=HTTP/1.1>
2020-11-20 18:54:52 INFO Client connecting: tcp4:127.0.0.1:54808
2020-11-20 18:54:52 INFO WebSocket connection open.
2020-11-20 18:54:52 INFO registered client tcp4:127.0.0.1:54808
2020-11-20 18:54:52 INFO WebSocket connection closed: None
2020-11-20 18:54:52 INFO unregistered client tcp4:127.0.0.1:54808
2020-11-20 18:54:53 INFO static website requested: <Request at 0x7f2dbad78100 method=GET uri=/ clientproto=HTTP/1.1>
2020-11-20 18:54:53 INFO Client connecting: tcp4:127.0.0.1:54810
2020-11-20 18:54:53 INFO WebSocket connection open.
2020-11-20 18:54:53 INFO registered client tcp4:127.0.0.1:54810
2020-11-20 18:54:54 INFO WebSocket connection closed: None
2020-11-20 18:54:54 INFO unregistered client tcp4:127.0.0.1:54810
2020-11-20 18:54:54 INFO static website requested: <Request at 0x7f2dbad785e0 method=GET uri=/ clientproto=HTTP/1.1>
2020-11-20 18:54:55 INFO Client connecting: tcp4:127.0.0.1:54812
2020-11-20 18:54:55 INFO WebSocket connection open.
2020-11-20 18:54:55 INFO registered client tcp4:127.0.0.1:54812
2020-11-20 18:54:55 INFO static website requested: <Request at 0x7f2dc18ab880 method=GET uri=/favicon.ico clientproto=HTTP/1.1>
2020-11-20 18:54:55 INFO WebSocket connection closed: None
2020-11-20 18:54:55 INFO unregistered client tcp4:127.0.0.1:54812
2020-11-20 18:54:56 INFO static website requested: <Request at 0x7f2dc15d9550 method=GET uri=/ clientproto=HTTP/1.1>
2020-11-20 18:54:56 INFO Client connecting: tcp4:127.0.0.1:54814
2020-11-20 18:54:56 INFO WebSocket connection open.
2020-11-20 18:54:56 INFO registered client tcp4:127.0.0.1:54814
2020-11-20 18:54:57 INFO WebSocket connection closed: None
2020-11-20 18:54:57 INFO unregistered client tcp4:127.0.0.1:54814
2020-11-20 18:54:58 INFO static website requested: <Request at 0x7f2dbad78940 method=GET uri=/ clientproto=HTTP/1.1>
2020-11-20 18:54:58 INFO Client connecting: tcp4:127.0.0.1:54816
2020-11-20 18:54:58 INFO WebSocket connection open.
2020-11-20 18:54:58 INFO registered client tcp4:127.0.0.1:54816
2020-11-20 18:54:59 INFO WebSocket connection closed: None
2020-11-20 18:54:59 INFO unregistered client tcp4:127.0.0.1:54816
2020-11-20 18:54:59 INFO static website requested: <Request at 0x7f2dbad78cd0 method=GET uri=/ clientproto=HTTP/1.1>
2020-11-20 18:55:00 INFO Client connecting: tcp4:127.0.0.1:54820
2020-11-20 18:55:00 INFO WebSocket connection open.
2020-11-20 18:55:00 INFO registered client tcp4:127.0.0.1:54820
2020-11-20 18:55:01 INFO WebSocket connection closed: None
2020-11-20 18:55:01 INFO unregistered client tcp4:127.0.0.1:54820
2020-11-20 18:55:02 INFO static website requested: <Request at 0x7f2dbad78cd0 method=GET uri=/ clientproto=HTTP/1.1>
2020-11-20 18:55:02 INFO Client connecting: tcp4:127.0.0.1:54822
2020-11-20 18:55:02 INFO WebSocket connection open.
2020-11-20 18:55:02 INFO registered client tcp4:127.0.0.1:54822
2020-11-20 18:55:04 INFO WebSocket connection closed: None
2020-11-20 18:55:04 INFO unregistered client tcp4:127.0.0.1:54822
2020-11-20 18:55:04 INFO static website requested: <Request at 0x7f2dbe187400 method=GET uri=/ clientproto=HTTP/1.1>
2020-11-20 18:55:05 INFO Client connecting: tcp4:127.0.0.1:54826
2020-11-20 18:55:05 INFO WebSocket connection open.
2020-11-20 18:55:05 INFO registered client tcp4:127.0.0.1:54826
2020-11-20 18:55:07 INFO BRIDGE EVENT: 'GROUP VOICE,START,RX,G7RZU,1595978596,2342690,2342690,2,9'
2020-11-20 18:55:07 INFO BRIDGE EVENT: 'GROUP VOICE,START,TX,GB7BC,1595978596,2342690,2342690,2,23510'
2020-11-20 18:55:07 INFO BRIDGE EVENT: 'GROUP VOICE,START,TX,GB7FR,1595978596,2342690,2342690,1,23510'
2020-11-20 18:55:07 INFO BRIDGE EVENT: 'GROUP VOICE,START,TX,MB6NG,1595978596,2342690,2342690,2,23510'
2020-11-20 18:55:08 INFO BRIDGE EVENT: 'GROUP VOICE,END,TX,GB7BC,1595978596,2342690,2342690,2,23510,1.26'
2020-11-20 18:55:08 INFO BRIDGE EVENT: 'GROUP VOICE,END,TX,GB7FR,1595978596,2342690,2342690,1,23510,1.26'
2020-11-20 18:55:08 INFO BRIDGE EVENT: 'GROUP VOICE,END,TX,MB6NG,1595978596,2342690,2342690,2,23510,1.26'
2020-11-20 18:55:08 INFO BRIDGE EVENT: 'GROUP VOICE,END,RX,G7RZU,1595978596,2342690,2342690,2,9,1.26'
2020-11-20 18:55:08 INFO BRIDGE EVENT: 'GROUP VOICE,END,TX,GB7BC,1595978596,2342690,2342690,2,23510,1.26'
2020-11-20 18:55:08 INFO BRIDGE EVENT: 'GROUP VOICE,END,TX,GB7FR,1595978596,2342690,2342690,1,23510,1.26'
2020-11-20 18:55:08 INFO BRIDGE EVENT: 'GROUP VOICE,END,TX,MB6NG,1595978596,2342690,2342690,2,23510,1.26'
2020-11-20 18:55:16 INFO Lost connection.  Reason: [Failure instance: Traceback (failure with no frames): <class 'twisted.internet.error.ConnectionLost'>: Connection to the other side was lost in a non-clean fashion: Connection lost.
]
2020-11-20 18:55:16 INFO WebSocket connection closed: connection was closed uncleanly (peer dropped the TCP connection without previous WebSocket closing handshake)
2020-11-20 18:55:16 INFO unregistered client tcp4:127.0.0.1:54826
